{"numTotalTestSuites":76,"numPassedTestSuites":34,"numFailedTestSuites":42,"numPendingTestSuites":0,"numTotalTests":167,"numPassedTests":99,"numFailedTests":68,"numPendingTests":0,"numTodoTests":0,"snapshot":{"added":0,"failure":false,"filesAdded":0,"filesRemoved":0,"filesRemovedList":[],"filesUnmatched":0,"filesUpdated":0,"matched":0,"total":0,"unchecked":0,"uncheckedKeysByFile":[],"unmatched":0,"updated":0,"didUpdate":false},"startTime":1778326772377,"success":false,"testResults":[{"assertionResults":[],"startTime":1778326772377,"endTime":1778326772377,"status":"failed","message":"Failed to resolve import \"vuetify/Components/VApp\" from \"resources/js/Components/AppFooter.spec.js\". Does the file exist?","name":"/home/nishino/todoke-mvp/resources/js/Components/AppFooter.spec.js"},{"assertionResults":[{"ancestorTitles":["Auth Store","Login"],"fullName":"Auth Store Login should login admin user","status":"passed","title":"should login admin user","duration":19.97948599999995,"failureMessages":[],"meta":{}},{"ancestorTitles":["Auth Store","Login"],"fullName":"Auth Store Login should login courier user","status":"passed","title":"should login courier user","duration":7.186320999999907,"failureMessages":[],"meta":{}},{"ancestorTitles":["Auth Store","Login"],"fullName":"Auth Store Login should login partner user","status":"passed","title":"should login partner user","duration":2.9366540000000896,"failureMessages":[],"meta":{}},{"ancestorTitles":["Auth Store","Login"],"fullName":"Auth Store Login should login customer user","status":"passed","title":"should login customer user","duration":2.541095999999925,"failureMessages":[],"meta":{}},{"ancestorTitles":["Auth Store","Logout"],"fullName":"Auth Store Logout should clear auth state","status":"passed","title":"should clear auth state","duration":2.325587999999925,"failureMessages":[],"meta":{}}],"startTime":1778326776751,"endTime":1778326776786.3257,"status":"passed","message":"","name":"/home/nishino/todoke-mvp/resources/js/__tests__/auth.spec.js"},{"assertionResults":[{"ancestorTitles":["Menu.vue"],"fullName":"Menu.vue fetches products based on slug prop","status":"failed","title":"fetches products based on slug prop","duration":67.87319300000013,"failureMessages":["AssertionError: expected \"wrap\" to be called with arguments: [ Array(1) ]\n\nNumber of calls: 0\n\n    at Proxy.<anonymous> (file:///home/nishino/todoke-mvp/node_modules/@vitest/expect/dist/index.js:1261:10)\n    at Proxy.<anonymous> (file:///home/nishino/todoke-mvp/node_modules/@vitest/expect/dist/index.js:944:14)\n    at Proxy.methodWrapper (file:///home/nishino/todoke-mvp/node_modules/chai/chai.js:1618:25)\n    at /home/nishino/todoke-mvp/resources/js/__tests__/menu.spec.js:65:22\n    at file:///home/nishino/todoke-mvp/node_modules/@vitest/runner/dist/index.js:596:20"],"meta":{}},{"ancestorTitles":["Menu.vue"],"fullName":"Menu.vue shows loading state while fetching","status":"failed","title":"shows loading state while fetching","duration":22.40458200000012,"failureMessages":["AssertionError: expected false to be true // Object.is equality\n    at /home/nishino/todoke-mvp/resources/js/__tests__/menu.spec.js:83:70\n    at file:///home/nishino/todoke-mvp/node_modules/@vitest/runner/dist/index.js:103:11\n    at file:///home/nishino/todoke-mvp/node_modules/@vitest/runner/dist/index.js:596:26\n    at file:///home/nishino/todoke-mvp/node_modules/@vitest/runner/dist/index.js:879:20\n    at new Promise (<anonymous>)\n    at runWithTimeout (file:///home/nishino/todoke-mvp/node_modules/@vitest/runner/dist/index.js:852:10)\n    at runTest (file:///home/nishino/todoke-mvp/node_modules/@vitest/runner/dist/index.js:1360:12)\n    at runSuite (file:///home/nishino/todoke-mvp/node_modules/@vitest/runner/dist/index.js:1507:8)\n    at runSuite (file:///home/nishino/todoke-mvp/node_modules/@vitest/runner/dist/index.js:1507:8)\n    at runFiles (file:///home/nishino/todoke-mvp/node_modules/@vitest/runner/dist/index.js:1561:3)"],"meta":{}},{"ancestorTitles":["Menu.vue"],"fullName":"Menu.vue opens modal when product is clicked","status":"failed","title":"opens modal when product is clicked","duration":7.166643999999906,"failureMessages":["AssertionError: expected false to be true // Object.is equality\n    at /home/nishino/todoke-mvp/resources/js/__tests__/menu.spec.js:107:66\n    at file:///home/nishino/todoke-mvp/node_modules/@vitest/runner/dist/index.js:596:20"],"meta":{}},{"ancestorTitles":["Menu.vue"],"fullName":"Menu.vue updates cart when items are added via modal","status":"failed","title":"updates cart when items are added via modal","duration":5.7575990000000274,"failureMessages":["TypeError: wrapper.vm.addToCart is not a function\n    at /home/nishino/todoke-mvp/resources/js/__tests__/menu.spec.js:132:16\n    at file:///home/nishino/todoke-mvp/node_modules/@vitest/runner/dist/index.js:596:20"],"meta":{}},{"ancestorTitles":["Menu.vue"],"fullName":"Menu.vue redirects to home when restaurant is not found (404)","status":"failed","title":"redirects to home when restaurant is not found (404)","duration":5.830376999999771,"failureMessages":["AssertionError: expected [Function spy] to be '/?error=restaurant_not_found' // Object.is equality\n    at /home/nishino/todoke-mvp/resources/js/__tests__/menu.spec.js:154:34\n    at file:///home/nishino/todoke-mvp/node_modules/@vitest/runner/dist/index.js:596:20"],"meta":{}},{"ancestorTitles":["Menu.vue"],"fullName":"Menu.vue redirects to home on server error","status":"failed","title":"redirects to home on server error","duration":4.649985000000015,"failureMessages":["AssertionError: expected [Function spy] to be '/?error=server_error' // Object.is equality\n    at /home/nishino/todoke-mvp/resources/js/__tests__/menu.spec.js:174:34\n    at file:///home/nishino/todoke-mvp/node_modules/@vitest/runner/dist/index.js:596:20"],"meta":{}}],"startTime":1778326774483,"endTime":1778326774596.65,"status":"failed","message":"","name":"/home/nishino/todoke-mvp/resources/js/__tests__/menu.spec.js"},{"assertionResults":[{"ancestorTitles":["AuthenticatedLayout"],"fullName":"AuthenticatedLayout renders with full header and footer","status":"passed","title":"renders with full header and footer","duration":105.55464699999993,"failureMessages":[],"meta":{}},{"ancestorTitles":["AuthenticatedLayout"],"fullName":"AuthenticatedLayout renders navigation items","status":"passed","title":"renders navigation items","duration":26.432288999999855,"failureMessages":[],"meta":{}}],"startTime":1778326779170,"endTime":1778326779302.4324,"status":"passed","message":"","name":"/home/nishino/todoke-mvp/tests/unit/Layouts/AuthenticatedLayout.spec.js"},{"assertionResults":[{"ancestorTitles":["GuestLayout"],"fullName":"GuestLayout renders with minimal header and footer","status":"passed","title":"renders with minimal header and footer","duration":34.39803400000005,"failureMessages":[],"meta":{}}],"startTime":1778326778590,"endTime":1778326778624.398,"status":"passed","message":"","name":"/home/nishino/todoke-mvp/tests/unit/Layouts/GuestLayout.spec.js"},{"assertionResults":[{"ancestorTitles":["AppFooter"],"fullName":"AppFooter renders correctly","status":"failed","title":"renders correctly","duration":46.57690699999989,"failureMessages":["SyntaxError: Need to install with `app.use` function\n    at Object.createCompileError (/home/nishino/todoke-mvp/node_modules/@intlify/message-compiler/dist/message-compiler.cjs.js:58:19)\n    at createI18nError (/home/nishino/todoke-mvp/node_modules/vue-i18n/dist/vue-i18n.cjs.js:79:21)\n    at useI18n (/home/nishino/todoke-mvp/node_modules/vue-i18n/dist/vue-i18n.cjs.js:1774:15)\n    at setup (/home/nishino/todoke-mvp/resources/js/Components/AppFooter.vue:6:22)\n    at callWithErrorHandling (/home/nishino/todoke-mvp/node_modules/@vue/runtime-core/dist/runtime-core.cjs.js:200:19)\n    at setupStatefulComponent (/home/nishino/todoke-mvp/node_modules/@vue/runtime-core/dist/runtime-core.cjs.js:7874:25)\n    at setupComponent (/home/nishino/todoke-mvp/node_modules/@vue/runtime-core/dist/runtime-core.cjs.js:7835:36)\n    at mountComponent (/home/nishino/todoke-mvp/node_modules/@vue/runtime-core/dist/runtime-core.cjs.js:5159:7)\n    at processComponent (/home/nishino/todoke-mvp/node_modules/@vue/runtime-core/dist/runtime-core.cjs.js:5125:9)\n    at patch (/home/nishino/todoke-mvp/node_modules/@vue/runtime-core/dist/runtime-core.cjs.js:4654:11)"],"meta":{}},{"ancestorTitles":["AppFooter"],"fullName":"AppFooter displays current year in copyright","status":"failed","title":"displays current year in copyright","duration":9.520105000000058,"failureMessages":["SyntaxError: Need to install with `app.use` function\n    at Object.createCompileError (/home/nishino/todoke-mvp/node_modules/@intlify/message-compiler/dist/message-compiler.cjs.js:58:19)\n    at createI18nError (/home/nishino/todoke-mvp/node_modules/vue-i18n/dist/vue-i18n.cjs.js:79:21)\n    at useI18n (/home/nishino/todoke-mvp/node_modules/vue-i18n/dist/vue-i18n.cjs.js:1774:15)\n    at setup (/home/nishino/todoke-mvp/resources/js/Components/AppFooter.vue:6:22)\n    at callWithErrorHandling (/home/nishino/todoke-mvp/node_modules/@vue/runtime-core/dist/runtime-core.cjs.js:200:19)\n    at setupStatefulComponent (/home/nishino/todoke-mvp/node_modules/@vue/runtime-core/dist/runtime-core.cjs.js:7874:25)\n    at setupComponent (/home/nishino/todoke-mvp/node_modules/@vue/runtime-core/dist/runtime-core.cjs.js:7835:36)\n    at mountComponent (/home/nishino/todoke-mvp/node_modules/@vue/runtime-core/dist/runtime-core.cjs.js:5159:7)\n    at processComponent (/home/nishino/todoke-mvp/node_modules/@vue/runtime-core/dist/runtime-core.cjs.js:5125:9)\n    at patch (/home/nishino/todoke-mvp/node_modules/@vue/runtime-core/dist/runtime-core.cjs.js:4654:11)"],"meta":{}},{"ancestorTitles":["AppFooter"],"fullName":"AppFooter has terms and privacy links","status":"failed","title":"has terms and privacy links","duration":6.2125599999999395,"failureMessages":["SyntaxError: Need to install with `app.use` function\n    at Object.createCompileError (/home/nishino/todoke-mvp/node_modules/@intlify/message-compiler/dist/message-compiler.cjs.js:58:19)\n    at createI18nError (/home/nishino/todoke-mvp/node_modules/vue-i18n/dist/vue-i18n.cjs.js:79:21)\n    at useI18n (/home/nishino/todoke-mvp/node_modules/vue-i18n/dist/vue-i18n.cjs.js:1774:15)\n    at setup (/home/nishino/todoke-mvp/resources/js/Components/AppFooter.vue:6:22)\n    at callWithErrorHandling (/home/nishino/todoke-mvp/node_modules/@vue/runtime-core/dist/runtime-core.cjs.js:200:19)\n    at setupStatefulComponent (/home/nishino/todoke-mvp/node_modules/@vue/runtime-core/dist/runtime-core.cjs.js:7874:25)\n    at setupComponent (/home/nishino/todoke-mvp/node_modules/@vue/runtime-core/dist/runtime-core.cjs.js:7835:36)\n    at mountComponent (/home/nishino/todoke-mvp/node_modules/@vue/runtime-core/dist/runtime-core.cjs.js:5159:7)\n    at processComponent (/home/nishino/todoke-mvp/node_modules/@vue/runtime-core/dist/runtime-core.cjs.js:5125:9)\n    at patch (/home/nishino/todoke-mvp/node_modules/@vue/runtime-core/dist/runtime-core.cjs.js:4654:11)"],"meta":{}},{"ancestorTitles":["AppFooter"],"fullName":"AppFooter has social media links","status":"failed","title":"has social media links","duration":5.65595600000006,"failureMessages":["SyntaxError: Need to install with `app.use` function\n    at Object.createCompileError (/home/nishino/todoke-mvp/node_modules/@intlify/message-compiler/dist/message-compiler.cjs.js:58:19)\n    at createI18nError (/home/nishino/todoke-mvp/node_modules/vue-i18n/dist/vue-i18n.cjs.js:79:21)\n    at useI18n (/home/nishino/todoke-mvp/node_modules/vue-i18n/dist/vue-i18n.cjs.js:1774:15)\n    at setup (/home/nishino/todoke-mvp/resources/js/Components/AppFooter.vue:6:22)\n    at callWithErrorHandling (/home/nishino/todoke-mvp/node_modules/@vue/runtime-core/dist/runtime-core.cjs.js:200:19)\n    at setupStatefulComponent (/home/nishino/todoke-mvp/node_modules/@vue/runtime-core/dist/runtime-core.cjs.js:7874:25)\n    at setupComponent (/home/nishino/todoke-mvp/node_modules/@vue/runtime-core/dist/runtime-core.cjs.js:7835:36)\n    at mountComponent (/home/nishino/todoke-mvp/node_modules/@vue/runtime-core/dist/runtime-core.cjs.js:5159:7)\n    at processComponent (/home/nishino/todoke-mvp/node_modules/@vue/runtime-core/dist/runtime-core.cjs.js:5125:9)\n    at patch (/home/nishino/todoke-mvp/node_modules/@vue/runtime-core/dist/runtime-core.cjs.js:4654:11)"],"meta":{}}],"startTime":1778326778253,"endTime":1778326778320.656,"status":"failed","message":"","name":"/home/nishino/todoke-mvp/tests/unit/components/AppFooter.spec.js"},{"assertionResults":[{"ancestorTitles":["AppHeader"],"fullName":"AppHeader renders correctly","status":"passed","title":"renders correctly","duration":76.38529200000016,"failureMessages":[],"meta":{}},{"ancestorTitles":["AppHeader"],"fullName":"AppHeader shows login/register links when not authenticated","status":"passed","title":"shows login/register links when not authenticated","duration":14.24759499999982,"failureMessages":[],"meta":{}},{"ancestorTitles":["AppHeader"],"fullName":"AppHeader shows welcome message and logout when authenticated","status":"passed","title":"shows welcome message and logout when authenticated","duration":14.140421999999944,"failureMessages":[],"meta":{}},{"ancestorTitles":["AppHeader"],"fullName":"AppHeader shows menu link for customers","status":"passed","title":"shows menu link for customers","duration":8.847672999999986,"failureMessages":[],"meta":{}},{"ancestorTitles":["AppHeader"],"fullName":"AppHeader calls logout when logout button clicked","status":"passed","title":"calls logout when logout button clicked","duration":13.80334599999992,"failureMessages":[],"meta":{}},{"ancestorTitles":["AppHeader"],"fullName":"AppHeader shows loading state","status":"passed","title":"shows loading state","duration":5.40554300000008,"failureMessages":[],"meta":{}}],"startTime":1778326776128,"endTime":1778326776261.4055,"status":"passed","message":"","name":"/home/nishino/todoke-mvp/tests/unit/components/AppHeader.spec.js"},{"assertionResults":[{"ancestorTitles":["HomeFeatures.vue"],"fullName":"HomeFeatures.vue renders features title","status":"passed","title":"renders features title","duration":100.50911499999984,"failureMessages":[],"meta":{}},{"ancestorTitles":["HomeFeatures.vue"],"fullName":"HomeFeatures.vue renders all feature cards with correct data","status":"passed","title":"renders all feature cards with correct data","duration":25.419244000000617,"failureMessages":[],"meta":{}},{"ancestorTitles":["HomeFeatures.vue"],"fullName":"HomeFeatures.vue logs initialization message","status":"passed","title":"logs initialization message","duration":23.16001099999994,"failureMessages":[],"meta":{}}],"startTime":1778326778962,"endTime":1778326779111.16,"status":"passed","message":"","name":"/home/nishino/todoke-mvp/tests/unit/components/HomeFeatures.spec.js"},{"assertionResults":[{"ancestorTitles":["HomeHero.vue"],"fullName":"HomeHero.vue renders hero title and subtitle","status":"failed","title":"renders hero title and subtitle","duration":61.326170999999704,"failureMessages":["TypeError: _ctx.route is not a function\n    at /home/nishino/todoke-mvp/resources/js/Components/HomeHero.vue:16:20\n    at Proxy.renderFnWithContext (/home/nishino/todoke-mvp/node_modules/@vue/runtime-core/dist/runtime-core.cjs.js:689:13)\n    at Proxy.<anonymous> (/home/nishino/todoke-mvp/node_modules/vuetify/src/components/VGrid/VCol.ts:149:21)\n    at renderComponentRoot (/home/nishino/todoke-mvp/node_modules/@vue/runtime-core/dist/runtime-core.cjs.js:6471:16)\n    at ReactiveEffect.componentUpdateFn [as fn] (/home/nishino/todoke-mvp/node_modules/@vue/runtime-core/dist/runtime-core.cjs.js:5262:46)\n    at ReactiveEffect.run (/home/nishino/todoke-mvp/node_modules/@vue/reactivity/dist/reactivity.cjs.js:241:19)\n    at setupRenderEffect (/home/nishino/todoke-mvp/node_modules/@vue/runtime-core/dist/runtime-core.cjs.js:5397:5)\n    at mountComponent (/home/nishino/todoke-mvp/node_modules/@vue/runtime-core/dist/runtime-core.cjs.js:5172:7)\n    at processComponent (/home/nishino/todoke-mvp/node_modules/@vue/runtime-core/dist/runtime-core.cjs.js:5125:9)\n    at patch (/home/nishino/todoke-mvp/node_modules/@vue/runtime-core/dist/runtime-core.cjs.js:4654:11)"],"meta":{}},{"ancestorTitles":["HomeHero.vue"],"fullName":"HomeHero.vue renders register and login buttons","status":"failed","title":"renders register and login buttons","duration":10.849477999999635,"failureMessages":["TypeError: _ctx.route is not a function\n    at /home/nishino/todoke-mvp/resources/js/Components/HomeHero.vue:16:20\n    at Proxy.renderFnWithContext (/home/nishino/todoke-mvp/node_modules/@vue/runtime-core/dist/runtime-core.cjs.js:689:13)\n    at Proxy.<anonymous> (/home/nishino/todoke-mvp/node_modules/vuetify/src/components/VGrid/VCol.ts:149:21)\n    at renderComponentRoot (/home/nishino/todoke-mvp/node_modules/@vue/runtime-core/dist/runtime-core.cjs.js:6471:16)\n    at ReactiveEffect.componentUpdateFn [as fn] (/home/nishino/todoke-mvp/node_modules/@vue/runtime-core/dist/runtime-core.cjs.js:5262:46)\n    at ReactiveEffect.run (/home/nishino/todoke-mvp/node_modules/@vue/reactivity/dist/reactivity.cjs.js:241:19)\n    at setupRenderEffect (/home/nishino/todoke-mvp/node_modules/@vue/runtime-core/dist/runtime-core.cjs.js:5397:5)\n    at mountComponent (/home/nishino/todoke-mvp/node_modules/@vue/runtime-core/dist/runtime-core.cjs.js:5172:7)\n    at processComponent (/home/nishino/todoke-mvp/node_modules/@vue/runtime-core/dist/runtime-core.cjs.js:5125:9)\n    at patch (/home/nishino/todoke-mvp/node_modules/@vue/runtime-core/dist/runtime-core.cjs.js:4654:11)"],"meta":{}},{"ancestorTitles":["HomeHero.vue"],"fullName":"HomeHero.vue logs initialization message","status":"failed","title":"logs initialization message","duration":6.553413999999975,"failureMessages":["TypeError: _ctx.route is not a function\n    at /home/nishino/todoke-mvp/resources/js/Components/HomeHero.vue:16:20\n    at Proxy.renderFnWithContext (/home/nishino/todoke-mvp/node_modules/@vue/runtime-core/dist/runtime-core.cjs.js:689:13)\n    at Proxy.<anonymous> (/home/nishino/todoke-mvp/node_modules/vuetify/src/components/VGrid/VCol.ts:149:21)\n    at renderComponentRoot (/home/nishino/todoke-mvp/node_modules/@vue/runtime-core/dist/runtime-core.cjs.js:6471:16)\n    at ReactiveEffect.componentUpdateFn [as fn] (/home/nishino/todoke-mvp/node_modules/@vue/runtime-core/dist/runtime-core.cjs.js:5262:46)\n    at ReactiveEffect.run (/home/nishino/todoke-mvp/node_modules/@vue/reactivity/dist/reactivity.cjs.js:241:19)\n    at setupRenderEffect (/home/nishino/todoke-mvp/node_modules/@vue/runtime-core/dist/runtime-core.cjs.js:5397:5)\n    at mountComponent (/home/nishino/todoke-mvp/node_modules/@vue/runtime-core/dist/runtime-core.cjs.js:5172:7)\n    at processComponent (/home/nishino/todoke-mvp/node_modules/@vue/runtime-core/dist/runtime-core.cjs.js:5125:9)\n    at patch (/home/nishino/todoke-mvp/node_modules/@vue/runtime-core/dist/runtime-core.cjs.js:4654:11)"],"meta":{}}],"startTime":1778326778962,"endTime":1778326779040.5535,"status":"failed","message":"","name":"/home/nishino/todoke-mvp/tests/unit/components/HomeHero.spec.js"},{"assertionResults":[{"ancestorTitles":["API Service"],"fullName":"API Service should have correct base URL in development","status":"passed","title":"should have correct base URL in development","duration":3.2206810000000132,"failureMessages":[],"meta":{}},{"ancestorTitles":["API Service"],"fullName":"API Service should have correct base URL in production","status":"failed","title":"should have correct base URL in production","duration":14.03037500000005,"failureMessages":["AssertionError: expected '/api/v1' to be 'https://api.example.com' // Object.is equality\n    at /home/nishino/todoke-mvp/tests/unit/services/api.spec.js:45:38\n    at processTicksAndRejections (node:internal/process/task_queues:95:5)\n    at file:///home/nishino/todoke-mvp/node_modules/@vitest/runner/dist/index.js:596:20"],"meta":{}},{"ancestorTitles":["API Service"],"fullName":"API Service should set loading state on request","status":"failed","title":"should set loading state on request","duration":7.1021619999999075,"failureMessages":["AssertionError: expected false to be true // Object.is equality\n    at /home/nishino/todoke-mvp/tests/unit/services/api.spec.js:52:36\n    at file:///home/nishino/todoke-mvp/node_modules/@vitest/runner/dist/index.js:103:11\n    at file:///home/nishino/todoke-mvp/node_modules/@vitest/runner/dist/index.js:596:26\n    at file:///home/nishino/todoke-mvp/node_modules/@vitest/runner/dist/index.js:879:20\n    at new Promise (<anonymous>)\n    at runWithTimeout (file:///home/nishino/todoke-mvp/node_modules/@vitest/runner/dist/index.js:852:10)\n    at runTest (file:///home/nishino/todoke-mvp/node_modules/@vitest/runner/dist/index.js:1360:12)\n    at processTicksAndRejections (node:internal/process/task_queues:95:5)\n    at runSuite (file:///home/nishino/todoke-mvp/node_modules/@vitest/runner/dist/index.js:1507:8)\n    at runSuite (file:///home/nishino/todoke-mvp/node_modules/@vitest/runner/dist/index.js:1507:8)"],"meta":{}},{"ancestorTitles":["API Service"],"fullName":"API Service should clear loading state on successful response","status":"passed","title":"should clear loading state on successful response","duration":1.2025249999999232,"failureMessages":[],"meta":{}},{"ancestorTitles":["API Service"],"fullName":"API Service should clear loading state on error response","status":"passed","title":"should clear loading state on error response","duration":2.8428060000001096,"failureMessages":[],"meta":{}},{"ancestorTitles":["API Service"],"fullName":"API Service should include proper headers","status":"passed","title":"should include proper headers","duration":0.38454700000011144,"failureMessages":[],"meta":{}}],"startTime":1778326777245,"endTime":1778326777276.8428,"status":"failed","message":"","name":"/home/nishino/todoke-mvp/tests/unit/services/api.spec.js"},{"assertionResults":[{"ancestorTitles":["Auth Service"],"fullName":"Auth Service should login successfully","status":"failed","title":"should login successfully","duration":13.386146999999937,"failureMessages":["TypeError: __vite_ssr_import_1__.default.post.mockResolvedValue is not a function\n    at /home/nishino/todoke-mvp/tests/unit/services/auth.spec.js:19:14\n    at file:///home/nishino/todoke-mvp/node_modules/@vitest/runner/dist/index.js:103:11\n    at file:///home/nishino/todoke-mvp/node_modules/@vitest/runner/dist/index.js:596:26\n    at file:///home/nishino/todoke-mvp/node_modules/@vitest/runner/dist/index.js:879:20\n    at new Promise (<anonymous>)\n    at runWithTimeout (file:///home/nishino/todoke-mvp/node_modules/@vitest/runner/dist/index.js:852:10)\n    at runTest (file:///home/nishino/todoke-mvp/node_modules/@vitest/runner/dist/index.js:1360:12)\n    at processTicksAndRejections (node:internal/process/task_queues:95:5)\n    at runSuite (file:///home/nishino/todoke-mvp/node_modules/@vitest/runner/dist/index.js:1507:8)\n    at runSuite (file:///home/nishino/todoke-mvp/node_modules/@vitest/runner/dist/index.js:1507:8)"],"meta":{}},{"ancestorTitles":["Auth Service"],"fullName":"Auth Service should handle login failure","status":"failed","title":"should handle login failure","duration":1.225938000000042,"failureMessages":["TypeError: __vite_ssr_import_1__.default.post.mockRejectedValue is not a function\n    at /home/nishino/todoke-mvp/tests/unit/services/auth.spec.js:37:14\n    at file:///home/nishino/todoke-mvp/node_modules/@vitest/runner/dist/index.js:103:11\n    at file:///home/nishino/todoke-mvp/node_modules/@vitest/runner/dist/index.js:596:26\n    at file:///home/nishino/todoke-mvp/node_modules/@vitest/runner/dist/index.js:879:20\n    at new Promise (<anonymous>)\n    at runWithTimeout (file:///home/nishino/todoke-mvp/node_modules/@vitest/runner/dist/index.js:852:10)\n    at runTest (file:///home/nishino/todoke-mvp/node_modules/@vitest/runner/dist/index.js:1360:12)\n    at processTicksAndRejections (node:internal/process/task_queues:95:5)\n    at runSuite (file:///home/nishino/todoke-mvp/node_modules/@vitest/runner/dist/index.js:1507:8)\n    at runSuite (file:///home/nishino/todoke-mvp/node_modules/@vitest/runner/dist/index.js:1507:8)"],"meta":{}},{"ancestorTitles":["Auth Service"],"fullName":"Auth Service should register successfully","status":"failed","title":"should register successfully","duration":1.007325000000037,"failureMessages":["TypeError: __vite_ssr_import_1__.default.post.mockResolvedValue is not a function\n    at /home/nishino/todoke-mvp/tests/unit/services/auth.spec.js:55:14\n    at file:///home/nishino/todoke-mvp/node_modules/@vitest/runner/dist/index.js:103:11\n    at file:///home/nishino/todoke-mvp/node_modules/@vitest/runner/dist/index.js:596:26\n    at file:///home/nishino/todoke-mvp/node_modules/@vitest/runner/dist/index.js:879:20\n    at new Promise (<anonymous>)\n    at runWithTimeout (file:///home/nishino/todoke-mvp/node_modules/@vitest/runner/dist/index.js:852:10)\n    at runTest (file:///home/nishino/todoke-mvp/node_modules/@vitest/runner/dist/index.js:1360:12)\n    at processTicksAndRejections (node:internal/process/task_queues:95:5)\n    at runSuite (file:///home/nishino/todoke-mvp/node_modules/@vitest/runner/dist/index.js:1507:8)\n    at runSuite (file:///home/nishino/todoke-mvp/node_modules/@vitest/runner/dist/index.js:1507:8)"],"meta":{}},{"ancestorTitles":["Auth Service"],"fullName":"Auth Service should register with custom endpoint","status":"failed","title":"should register with custom endpoint","duration":0.9686920000001464,"failureMessages":["TypeError: __vite_ssr_import_1__.default.post.mockResolvedValue is not a function\n    at /home/nishino/todoke-mvp/tests/unit/services/auth.spec.js:77:14\n    at file:///home/nishino/todoke-mvp/node_modules/@vitest/runner/dist/index.js:103:11\n    at file:///home/nishino/todoke-mvp/node_modules/@vitest/runner/dist/index.js:596:26\n    at file:///home/nishino/todoke-mvp/node_modules/@vitest/runner/dist/index.js:879:20\n    at new Promise (<anonymous>)\n    at runWithTimeout (file:///home/nishino/todoke-mvp/node_modules/@vitest/runner/dist/index.js:852:10)\n    at runTest (file:///home/nishino/todoke-mvp/node_modules/@vitest/runner/dist/index.js:1360:12)\n    at processTicksAndRejections (node:internal/process/task_queues:95:5)\n    at runSuite (file:///home/nishino/todoke-mvp/node_modules/@vitest/runner/dist/index.js:1507:8)\n    at runSuite (file:///home/nishino/todoke-mvp/node_modules/@vitest/runner/dist/index.js:1507:8)"],"meta":{}},{"ancestorTitles":["Auth Service"],"fullName":"Auth Service should logout","status":"failed","title":"should logout","duration":0.8314719999998488,"failureMessages":["TypeError: __vite_ssr_import_0__.default.getAuthStore is not a function\n    at /home/nishino/todoke-mvp/tests/unit/services/auth.spec.js:97:31\n    at file:///home/nishino/todoke-mvp/node_modules/@vitest/runner/dist/index.js:103:11\n    at file:///home/nishino/todoke-mvp/node_modules/@vitest/runner/dist/index.js:596:26\n    at file:///home/nishino/todoke-mvp/node_modules/@vitest/runner/dist/index.js:879:20\n    at new Promise (<anonymous>)\n    at runWithTimeout (file:///home/nishino/todoke-mvp/node_modules/@vitest/runner/dist/index.js:852:10)\n    at runTest (file:///home/nishino/todoke-mvp/node_modules/@vitest/runner/dist/index.js:1360:12)\n    at processTicksAndRejections (node:internal/process/task_queues:95:5)\n    at runSuite (file:///home/nishino/todoke-mvp/node_modules/@vitest/runner/dist/index.js:1507:8)\n    at runSuite (file:///home/nishino/todoke-mvp/node_modules/@vitest/runner/dist/index.js:1507:8)"],"meta":{}},{"ancestorTitles":["Auth Service"],"fullName":"Auth Service should get current user","status":"failed","title":"should get current user","duration":0.9012949999998909,"failureMessages":["TypeError: __vite_ssr_import_0__.default.getAuthStore is not a function\n    at /home/nishino/todoke-mvp/tests/unit/services/auth.spec.js:109:31\n    at file:///home/nishino/todoke-mvp/node_modules/@vitest/runner/dist/index.js:103:11\n    at file:///home/nishino/todoke-mvp/node_modules/@vitest/runner/dist/index.js:596:26\n    at file:///home/nishino/todoke-mvp/node_modules/@vitest/runner/dist/index.js:879:20\n    at new Promise (<anonymous>)\n    at runWithTimeout (file:///home/nishino/todoke-mvp/node_modules/@vitest/runner/dist/index.js:852:10)\n    at runTest (file:///home/nishino/todoke-mvp/node_modules/@vitest/runner/dist/index.js:1360:12)\n    at processTicksAndRejections (node:internal/process/task_queues:95:5)\n    at runSuite (file:///home/nishino/todoke-mvp/node_modules/@vitest/runner/dist/index.js:1507:8)\n    at runSuite (file:///home/nishino/todoke-mvp/node_modules/@vitest/runner/dist/index.js:1507:8)"],"meta":{}},{"ancestorTitles":["Auth Service"],"fullName":"Auth Service should check authentication status","status":"failed","title":"should check authentication status","duration":0.7516810000001897,"failureMessages":["TypeError: __vite_ssr_import_0__.default.getAuthStore is not a function\n    at /home/nishino/todoke-mvp/tests/unit/services/auth.spec.js:116:31\n    at file:///home/nishino/todoke-mvp/node_modules/@vitest/runner/dist/index.js:103:11\n    at file:///home/nishino/todoke-mvp/node_modules/@vitest/runner/dist/index.js:596:26\n    at file:///home/nishino/todoke-mvp/node_modules/@vitest/runner/dist/index.js:879:20\n    at new Promise (<anonymous>)\n    at runWithTimeout (file:///home/nishino/todoke-mvp/node_modules/@vitest/runner/dist/index.js:852:10)\n    at runTest (file:///home/nishino/todoke-mvp/node_modules/@vitest/runner/dist/index.js:1360:12)\n    at processTicksAndRejections (node:internal/process/task_queues:95:5)\n    at runSuite (file:///home/nishino/todoke-mvp/node_modules/@vitest/runner/dist/index.js:1507:8)\n    at runSuite (file:///home/nishino/todoke-mvp/node_modules/@vitest/runner/dist/index.js:1507:8)"],"meta":{}}],"startTime":1778326775083,"endTime":1778326775101.7517,"status":"failed","message":"","name":"/home/nishino/todoke-mvp/tests/unit/services/auth.spec.js"},{"assertionResults":[{"ancestorTitles":["Auth Store"],"fullName":"Auth Store should initialize with default state","status":"passed","title":"should initialize with default state","duration":13.20408099999986,"failureMessages":[],"meta":{}},{"ancestorTitles":["Auth Store"],"fullName":"Auth Store should login successfully","status":"passed","title":"should login successfully","duration":23.053919999999835,"failureMessages":[],"meta":{}},{"ancestorTitles":["Auth Store"],"fullName":"Auth Store should handle login failure","status":"failed","title":"should handle login failure","duration":26.79634800000008,"failureMessages":["AssertionError: expected [Function] to throw error including 'Login failed' but got 'Invalid credentials'\n    at Assertion.<anonymous> (file:///home/nishino/todoke-mvp/node_modules/@vitest/expect/dist/index.js:1325:16)\n    at Assertion.<anonymous> (file:///home/nishino/todoke-mvp/node_modules/@vitest/expect/dist/index.js:944:14)\n    at Assertion.methodWrapper (file:///home/nishino/todoke-mvp/node_modules/chai/chai.js:1618:25)\n    at file:///home/nishino/todoke-mvp/node_modules/@vitest/expect/dist/index.js:1550:20\n    at processTicksAndRejections (node:internal/process/task_queues:95:5)\n    at /home/nishino/todoke-mvp/tests/unit/stores/auth.spec.js:71:5\n    at file:///home/nishino/todoke-mvp/node_modules/@vitest/runner/dist/index.js:596:20"],"meta":{}},{"ancestorTitles":["Auth Store"],"fullName":"Auth Store should register successfully","status":"failed","title":"should register successfully","duration":7.057526999999936,"failureMessages":["AssertionError: expected \"spy\" to be called with arguments: [ '/auth/register', …(2) ]\n\nReceived: \n\n  1st spy call:\n\n@@ -3,9 +3,8 @@\n    {\n      \"email\": \"test@example.com\",\n      \"name\": \"Test User\",\n      \"password\": \"password\",\n      \"password_confirmation\": \"password\",\n-     \"role\": \"customer\",\n    },\n    {},\n  ]\n\n\nNumber of calls: 1\n\n    at Proxy.<anonymous> (file:///home/nishino/todoke-mvp/node_modules/@vitest/expect/dist/index.js:1261:10)\n    at Proxy.<anonymous> (file:///home/nishino/todoke-mvp/node_modules/@vitest/expect/dist/index.js:944:14)\n    at Proxy.methodWrapper (file:///home/nishino/todoke-mvp/node_modules/chai/chai.js:1618:25)\n    at /home/nishino/todoke-mvp/tests/unit/stores/auth.spec.js:99:22\n    at processTicksAndRejections (node:internal/process/task_queues:95:5)\n    at file:///home/nishino/todoke-mvp/node_modules/@vitest/runner/dist/index.js:596:20"],"meta":{}},{"ancestorTitles":["Auth Store"],"fullName":"Auth Store should logout","status":"passed","title":"should logout","duration":1.7996740000000955,"failureMessages":[],"meta":{}},{"ancestorTitles":["Auth Store"],"fullName":"Auth Store should clear auth state","status":"failed","title":"should clear auth state","duration":2.1059030000001258,"failureMessages":["TypeError: store.clearAuth is not a function\n    at /home/nishino/todoke-mvp/tests/unit/stores/auth.spec.js:133:11\n    at file:///home/nishino/todoke-mvp/node_modules/@vitest/runner/dist/index.js:103:11\n    at file:///home/nishino/todoke-mvp/node_modules/@vitest/runner/dist/index.js:596:26\n    at file:///home/nishino/todoke-mvp/node_modules/@vitest/runner/dist/index.js:879:20\n    at new Promise (<anonymous>)\n    at runWithTimeout (file:///home/nishino/todoke-mvp/node_modules/@vitest/runner/dist/index.js:852:10)\n    at runTest (file:///home/nishino/todoke-mvp/node_modules/@vitest/runner/dist/index.js:1360:12)\n    at processTicksAndRejections (node:internal/process/task_queues:95:5)\n    at runSuite (file:///home/nishino/todoke-mvp/node_modules/@vitest/runner/dist/index.js:1507:8)\n    at runSuite (file:///home/nishino/todoke-mvp/node_modules/@vitest/runner/dist/index.js:1507:8)"],"meta":{}}],"startTime":1778326774204,"endTime":1778326774278.106,"status":"failed","message":"","name":"/home/nishino/todoke-mvp/tests/unit/stores/auth.spec.js"},{"assertionResults":[{"ancestorTitles":["Loading Store"],"fullName":"Loading Store should initialize with default state","status":"passed","title":"should initialize with default state","duration":5.953029000000015,"failureMessages":[],"meta":{}},{"ancestorTitles":["Loading Store"],"fullName":"Loading Store should start loading with message","status":"passed","title":"should start loading with message","duration":1.2409670000000688,"failureMessages":[],"meta":{}},{"ancestorTitles":["Loading Store"],"fullName":"Loading Store should start loading without message","status":"passed","title":"should start loading without message","duration":0.5652190000000701,"failureMessages":[],"meta":{}},{"ancestorTitles":["Loading Store"],"fullName":"Loading Store should stop loading","status":"passed","title":"should stop loading","duration":0.42403200000001107,"failureMessages":[],"meta":{}}],"startTime":1778326778475,"endTime":1778326778483.5652,"status":"passed","message":"","name":"/home/nishino/todoke-mvp/tests/unit/stores/loading.spec.js"},{"assertionResults":[{"ancestorTitles":["AuthService","login"],"fullName":"AuthService login successfully logs in and updates auth store","status":"failed","title":"successfully logs in and updates auth store","duration":33.3318790000003,"failureMessages":["AssertionError: expected \"spy\" to be called with arguments: [ '/login', { …(2) } ]\n\nReceived: \n\n  1st spy call:\n\n  [\n-   \"/login\",\n+   \"/auth/login\",\n    {\n      \"email\": \"test@example.com\",\n      \"password\": \"password\",\n    },\n  ]\n\n  2nd spy call:\n\n  [\n-   \"/login\",\n+   \"/auth/token-to-session\",\n    {\n-     \"email\": \"test@example.com\",\n-     \"password\": \"password\",\n+     \"token\": \"test-token\",\n+   },\n+   {\n+     \"headers\": {\n+       \"Authorization\": \"Bearer test-token\",\n+     },\n    },\n  ]\n\n\nNumber of calls: 2\n\n    at Proxy.<anonymous> (file:///home/nishino/todoke-mvp/node_modules/@vitest/expect/dist/index.js:1261:10)\n    at Proxy.<anonymous> (file:///home/nishino/todoke-mvp/node_modules/@vitest/expect/dist/index.js:944:14)\n    at Proxy.methodWrapper (file:///home/nishino/todoke-mvp/node_modules/chai/chai.js:1618:25)\n    at /home/nishino/todoke-mvp/tests/Unit/Services/AuthService.test.js:43:24\n    at processTicksAndRejections (node:internal/process/task_queues:95:5)\n    at file:///home/nishino/todoke-mvp/node_modules/@vitest/runner/dist/index.js:596:20"],"meta":{}},{"ancestorTitles":["AuthService","login"],"fullName":"AuthService login handles login failure","status":"failed","title":"handles login failure","duration":12.127534999999625,"failureMessages":["AssertionError: expected [Function] to throw error including 'Login failed. Please check your crede…' but got 'Invalid credentials'\n    at Assertion.<anonymous> (file:///home/nishino/todoke-mvp/node_modules/@vitest/expect/dist/index.js:1325:16)\n    at Assertion.<anonymous> (file:///home/nishino/todoke-mvp/node_modules/@vitest/expect/dist/index.js:944:14)\n    at Assertion.methodWrapper (file:///home/nishino/todoke-mvp/node_modules/chai/chai.js:1618:25)\n    at file:///home/nishino/todoke-mvp/node_modules/@vitest/expect/dist/index.js:1550:20\n    at processTicksAndRejections (node:internal/process/task_queues:95:5)\n    at /home/nishino/todoke-mvp/tests/Unit/Services/AuthService.test.js:55:7\n    at file:///home/nishino/todoke-mvp/node_modules/@vitest/runner/dist/index.js:596:20"],"meta":{}},{"ancestorTitles":["AuthService","register"],"fullName":"AuthService register successfully registers and updates auth store","status":"failed","title":"successfully registers and updates auth store","duration":5.927089000000251,"failureMessages":["AssertionError: expected \"spy\" to be called with arguments: [ '/register', { name: 'Test', …(2) } ]\n\nReceived: \n\n  1st spy call:\n\n@@ -1,7 +1,7 @@\n  [\n-   \"/register\",\n+   \"/auth/register\",\n    {\n      \"email\": \"test@example.com\",\n      \"name\": \"Test\",\n      \"password\": \"password\",\n    },\n\n\nNumber of calls: 1\n\n    at Proxy.<anonymous> (file:///home/nishino/todoke-mvp/node_modules/@vitest/expect/dist/index.js:1261:10)\n    at Proxy.<anonymous> (file:///home/nishino/todoke-mvp/node_modules/@vitest/expect/dist/index.js:944:14)\n    at Proxy.methodWrapper (file:///home/nishino/todoke-mvp/node_modules/chai/chai.js:1618:25)\n    at /home/nishino/todoke-mvp/tests/Unit/Services/AuthService.test.js:70:24\n    at processTicksAndRejections (node:internal/process/task_queues:95:5)\n    at file:///home/nishino/todoke-mvp/node_modules/@vitest/runner/dist/index.js:596:20"],"meta":{}},{"ancestorTitles":["AuthService","register"],"fullName":"AuthService register handles registration failure","status":"passed","title":"handles registration failure","duration":5.8915420000003,"failureMessages":[],"meta":{}},{"ancestorTitles":["AuthService","logout"],"fullName":"AuthService logout successfully logs out and clears auth store","status":"failed","title":"successfully logs out and clears auth store","duration":6.952809999999772,"failureMessages":["AssertionError: expected \"spy\" to be called with arguments: [ '/logout' ]\n\nReceived: \n\n  1st spy call:\n\n  [\n-   \"/logout\",\n+   \"/auth/logout\",\n  ]\n\n\nNumber of calls: 1\n\n    at Proxy.<anonymous> (file:///home/nishino/todoke-mvp/node_modules/@vitest/expect/dist/index.js:1261:10)\n    at Proxy.<anonymous> (file:///home/nishino/todoke-mvp/node_modules/@vitest/expect/dist/index.js:944:14)\n    at Proxy.methodWrapper (file:///home/nishino/todoke-mvp/node_modules/chai/chai.js:1618:25)\n    at /home/nishino/todoke-mvp/tests/Unit/Services/AuthService.test.js:95:24\n    at processTicksAndRejections (node:internal/process/task_queues:95:5)\n    at file:///home/nishino/todoke-mvp/node_modules/@vitest/runner/dist/index.js:596:20"],"meta":{}},{"ancestorTitles":["AuthService","logout"],"fullName":"AuthService logout handles logout failure","status":"passed","title":"handles logout failure","duration":1.9294289999998,"failureMessages":[],"meta":{}},{"ancestorTitles":["AuthService","refreshToken"],"fullName":"AuthService refreshToken successfully refreshes token and updates auth store","status":"passed","title":"successfully refreshes token and updates auth store","duration":5.221344999999928,"failureMessages":[],"meta":{}},{"ancestorTitles":["AuthService","refreshToken"],"fullName":"AuthService refreshToken handles token refresh failure","status":"passed","title":"handles token refresh failure","duration":1.4187830000000758,"failureMessages":[],"meta":{}}],"startTime":1778326774499,"endTime":1778326774572.4187,"status":"failed","message":"","name":"/home/nishino/todoke-mvp/tests/Unit/Services/AuthService.test.js"},{"assertionResults":[{"ancestorTitles":["AddressInput"],"fullName":"AddressInput renders a textarea for address input","status":"passed","title":"renders a textarea for address input","duration":58.53120600000011,"failureMessages":[],"meta":{}},{"ancestorTitles":["AddressInput"],"fullName":"AddressInput emits update event when address changes","status":"passed","title":"emits update event when address changes","duration":9.693070999999918,"failureMessages":[],"meta":{}},{"ancestorTitles":["AddressInput"],"fullName":"AddressInput displays error messages when provided","status":"passed","title":"displays error messages when provided","duration":13.403109000000086,"failureMessages":[],"meta":{}}],"startTime":1778326777669,"endTime":1778326777751.403,"status":"passed","message":"","name":"/home/nishino/todoke-mvp/resources/js/Components/__tests__/AddressInput.spec.js"},{"assertionResults":[{"ancestorTitles":["AppFooter"],"fullName":"AppFooter renders current year in copyright","status":"failed","title":"renders current year in copyright","duration":84.68186200000014,"failureMessages":["SyntaxError: Need to install with `app.use` function\n    at Object.createCompileError (/home/nishino/todoke-mvp/node_modules/@intlify/message-compiler/dist/message-compiler.cjs.js:58:19)\n    at createI18nError (/home/nishino/todoke-mvp/node_modules/vue-i18n/dist/vue-i18n.cjs.js:79:21)\n    at useI18n (/home/nishino/todoke-mvp/node_modules/vue-i18n/dist/vue-i18n.cjs.js:1774:15)\n    at setup (/home/nishino/todoke-mvp/resources/js/Components/AppFooter.vue:6:22)\n    at callWithErrorHandling (/home/nishino/todoke-mvp/node_modules/@vue/runtime-core/dist/runtime-core.cjs.js:200:19)\n    at setupStatefulComponent (/home/nishino/todoke-mvp/node_modules/@vue/runtime-core/dist/runtime-core.cjs.js:7874:25)\n    at setupComponent (/home/nishino/todoke-mvp/node_modules/@vue/runtime-core/dist/runtime-core.cjs.js:7835:36)\n    at mountComponent (/home/nishino/todoke-mvp/node_modules/@vue/runtime-core/dist/runtime-core.cjs.js:5159:7)\n    at processComponent (/home/nishino/todoke-mvp/node_modules/@vue/runtime-core/dist/runtime-core.cjs.js:5125:9)\n    at patch (/home/nishino/todoke-mvp/node_modules/@vue/runtime-core/dist/runtime-core.cjs.js:4654:11)"],"meta":{}},{"ancestorTitles":["AppFooter"],"fullName":"AppFooter has data-test attribute","status":"failed","title":"has data-test attribute","duration":12.89605000000006,"failureMessages":["SyntaxError: Need to install with `app.use` function\n    at Object.createCompileError (/home/nishino/todoke-mvp/node_modules/@intlify/message-compiler/dist/message-compiler.cjs.js:58:19)\n    at createI18nError (/home/nishino/todoke-mvp/node_modules/vue-i18n/dist/vue-i18n.cjs.js:79:21)\n    at useI18n (/home/nishino/todoke-mvp/node_modules/vue-i18n/dist/vue-i18n.cjs.js:1774:15)\n    at setup (/home/nishino/todoke-mvp/resources/js/Components/AppFooter.vue:6:22)\n    at callWithErrorHandling (/home/nishino/todoke-mvp/node_modules/@vue/runtime-core/dist/runtime-core.cjs.js:200:19)\n    at setupStatefulComponent (/home/nishino/todoke-mvp/node_modules/@vue/runtime-core/dist/runtime-core.cjs.js:7874:25)\n    at setupComponent (/home/nishino/todoke-mvp/node_modules/@vue/runtime-core/dist/runtime-core.cjs.js:7835:36)\n    at mountComponent (/home/nishino/todoke-mvp/node_modules/@vue/runtime-core/dist/runtime-core.cjs.js:5159:7)\n    at processComponent (/home/nishino/todoke-mvp/node_modules/@vue/runtime-core/dist/runtime-core.cjs.js:5125:9)\n    at patch (/home/nishino/todoke-mvp/node_modules/@vue/runtime-core/dist/runtime-core.cjs.js:4654:11)"],"meta":{}},{"ancestorTitles":["AppFooter"],"fullName":"AppFooter contains links to terms and privacy","status":"failed","title":"contains links to terms and privacy","duration":7.635160000000042,"failureMessages":["SyntaxError: Need to install with `app.use` function\n    at Object.createCompileError (/home/nishino/todoke-mvp/node_modules/@intlify/message-compiler/dist/message-compiler.cjs.js:58:19)\n    at createI18nError (/home/nishino/todoke-mvp/node_modules/vue-i18n/dist/vue-i18n.cjs.js:79:21)\n    at useI18n (/home/nishino/todoke-mvp/node_modules/vue-i18n/dist/vue-i18n.cjs.js:1774:15)\n    at setup (/home/nishino/todoke-mvp/resources/js/Components/AppFooter.vue:6:22)\n    at callWithErrorHandling (/home/nishino/todoke-mvp/node_modules/@vue/runtime-core/dist/runtime-core.cjs.js:200:19)\n    at setupStatefulComponent (/home/nishino/todoke-mvp/node_modules/@vue/runtime-core/dist/runtime-core.cjs.js:7874:25)\n    at setupComponent (/home/nishino/todoke-mvp/node_modules/@vue/runtime-core/dist/runtime-core.cjs.js:7835:36)\n    at mountComponent (/home/nishino/todoke-mvp/node_modules/@vue/runtime-core/dist/runtime-core.cjs.js:5159:7)\n    at processComponent (/home/nishino/todoke-mvp/node_modules/@vue/runtime-core/dist/runtime-core.cjs.js:5125:9)\n    at patch (/home/nishino/todoke-mvp/node_modules/@vue/runtime-core/dist/runtime-core.cjs.js:4654:11)"],"meta":{}}],"startTime":1778326776293,"endTime":1778326776397.6353,"status":"failed","message":"","name":"/home/nishino/todoke-mvp/resources/js/Components/__tests__/AppFooter.spec.js"},{"assertionResults":[{"ancestorTitles":["AppHeader"],"fullName":"AppHeader renders correctly","status":"passed","title":"renders correctly","duration":56.88616500000012,"failureMessages":[],"meta":{}},{"ancestorTitles":["AppHeader"],"fullName":"AppHeader shows login/register links when not authenticated","status":"passed","title":"shows login/register links when not authenticated","duration":29.8154770000001,"failureMessages":[],"meta":{}},{"ancestorTitles":["AppHeader"],"fullName":"AppHeader shows welcome message and logout button when authenticated","status":"passed","title":"shows welcome message and logout button when authenticated","duration":39.55752200000006,"failureMessages":[],"meta":{}},{"ancestorTitles":["AppHeader"],"fullName":"AppHeader shows menu link when authenticated","status":"passed","title":"shows menu link when authenticated","duration":16.9021859999998,"failureMessages":[],"meta":{}},{"ancestorTitles":["AppHeader"],"fullName":"AppHeader calls logout and logs events when logout button is clicked","status":"passed","title":"calls logout and logs events when logout button is clicked","duration":17.277424999999766,"failureMessages":[],"meta":{}},{"ancestorTitles":["AppHeader"],"fullName":"AppHeader logs failed logout attempts","status":"passed","title":"logs failed logout attempts","duration":12.432944000000134,"failureMessages":[],"meta":{}},{"ancestorTitles":["AppHeader"],"fullName":"AppHeader logs drawer toggle events","status":"passed","title":"logs drawer toggle events","duration":8.01560900000004,"failureMessages":[],"meta":{}},{"ancestorTitles":["AppHeader"],"fullName":"AppHeader disables logout button when loading","status":"passed","title":"disables logout button when loading","duration":9.342759000000115,"failureMessages":[],"meta":{}}],"startTime":1778326774445,"endTime":1778326774635.3428,"status":"passed","message":"","name":"/home/nishino/todoke-mvp/resources/js/Components/__tests__/AppHeader.spec.js"},{"assertionResults":[{"ancestorTitles":["AuthForm","Login Mode"],"fullName":"AuthForm Login Mode renders login form correctly","status":"failed","title":"renders login form correctly","duration":56.61563299999989,"failureMessages":["SyntaxError: Need to install with `app.use` function\n    at Object.createCompileError (/home/nishino/todoke-mvp/node_modules/@intlify/message-compiler/dist/message-compiler.cjs.js:58:19)\n    at createI18nError (/home/nishino/todoke-mvp/node_modules/vue-i18n/dist/vue-i18n.cjs.js:79:21)\n    at useI18n (/home/nishino/todoke-mvp/node_modules/vue-i18n/dist/vue-i18n.cjs.js:1774:15)\n    at setup (/home/nishino/todoke-mvp/resources/js/Components/AuthForm.vue:231:22)\n    at callWithErrorHandling (/home/nishino/todoke-mvp/node_modules/@vue/runtime-core/dist/runtime-core.cjs.js:200:19)\n    at setupStatefulComponent (/home/nishino/todoke-mvp/node_modules/@vue/runtime-core/dist/runtime-core.cjs.js:7874:25)\n    at setupComponent (/home/nishino/todoke-mvp/node_modules/@vue/runtime-core/dist/runtime-core.cjs.js:7835:36)\n    at mountComponent (/home/nishino/todoke-mvp/node_modules/@vue/runtime-core/dist/runtime-core.cjs.js:5159:7)\n    at processComponent (/home/nishino/todoke-mvp/node_modules/@vue/runtime-core/dist/runtime-core.cjs.js:5125:9)\n    at patch (/home/nishino/todoke-mvp/node_modules/@vue/runtime-core/dist/runtime-core.cjs.js:4654:11)"],"meta":{}},{"ancestorTitles":["AuthForm","Login Mode"],"fullName":"AuthForm Login Mode submits login form with correct data","status":"failed","title":"submits login form with correct data","duration":11.498826000000008,"failureMessages":["SyntaxError: Need to install with `app.use` function\n    at Object.createCompileError (/home/nishino/todoke-mvp/node_modules/@intlify/message-compiler/dist/message-compiler.cjs.js:58:19)\n    at createI18nError (/home/nishino/todoke-mvp/node_modules/vue-i18n/dist/vue-i18n.cjs.js:79:21)\n    at useI18n (/home/nishino/todoke-mvp/node_modules/vue-i18n/dist/vue-i18n.cjs.js:1774:15)\n    at setup (/home/nishino/todoke-mvp/resources/js/Components/AuthForm.vue:231:22)\n    at callWithErrorHandling (/home/nishino/todoke-mvp/node_modules/@vue/runtime-core/dist/runtime-core.cjs.js:200:19)\n    at setupStatefulComponent (/home/nishino/todoke-mvp/node_modules/@vue/runtime-core/dist/runtime-core.cjs.js:7874:25)\n    at setupComponent (/home/nishino/todoke-mvp/node_modules/@vue/runtime-core/dist/runtime-core.cjs.js:7835:36)\n    at mountComponent (/home/nishino/todoke-mvp/node_modules/@vue/runtime-core/dist/runtime-core.cjs.js:5159:7)\n    at processComponent (/home/nishino/todoke-mvp/node_modules/@vue/runtime-core/dist/runtime-core.cjs.js:5125:9)\n    at patch (/home/nishino/todoke-mvp/node_modules/@vue/runtime-core/dist/runtime-core.cjs.js:4654:11)"],"meta":{}},{"ancestorTitles":["AuthForm","Login Mode"],"fullName":"AuthForm Login Mode shows loading state during login","status":"failed","title":"shows loading state during login","duration":4.899024999999938,"failureMessages":["SyntaxError: Need to install with `app.use` function\n    at Object.createCompileError (/home/nishino/todoke-mvp/node_modules/@intlify/message-compiler/dist/message-compiler.cjs.js:58:19)\n    at createI18nError (/home/nishino/todoke-mvp/node_modules/vue-i18n/dist/vue-i18n.cjs.js:79:21)\n    at useI18n (/home/nishino/todoke-mvp/node_modules/vue-i18n/dist/vue-i18n.cjs.js:1774:15)\n    at setup (/home/nishino/todoke-mvp/resources/js/Components/AuthForm.vue:231:22)\n    at callWithErrorHandling (/home/nishino/todoke-mvp/node_modules/@vue/runtime-core/dist/runtime-core.cjs.js:200:19)\n    at setupStatefulComponent (/home/nishino/todoke-mvp/node_modules/@vue/runtime-core/dist/runtime-core.cjs.js:7874:25)\n    at setupComponent (/home/nishino/todoke-mvp/node_modules/@vue/runtime-core/dist/runtime-core.cjs.js:7835:36)\n    at mountComponent (/home/nishino/todoke-mvp/node_modules/@vue/runtime-core/dist/runtime-core.cjs.js:5159:7)\n    at processComponent (/home/nishino/todoke-mvp/node_modules/@vue/runtime-core/dist/runtime-core.cjs.js:5125:9)\n    at patch (/home/nishino/todoke-mvp/node_modules/@vue/runtime-core/dist/runtime-core.cjs.js:4654:11)"],"meta":{}},{"ancestorTitles":["AuthForm","Login Mode"],"fullName":"AuthForm Login Mode displays error messages","status":"failed","title":"displays error messages","duration":3.671282999999903,"failureMessages":["SyntaxError: Need to install with `app.use` function\n    at Object.createCompileError (/home/nishino/todoke-mvp/node_modules/@intlify/message-compiler/dist/message-compiler.cjs.js:58:19)\n    at createI18nError (/home/nishino/todoke-mvp/node_modules/vue-i18n/dist/vue-i18n.cjs.js:79:21)\n    at useI18n (/home/nishino/todoke-mvp/node_modules/vue-i18n/dist/vue-i18n.cjs.js:1774:15)\n    at setup (/home/nishino/todoke-mvp/resources/js/Components/AuthForm.vue:231:22)\n    at callWithErrorHandling (/home/nishino/todoke-mvp/node_modules/@vue/runtime-core/dist/runtime-core.cjs.js:200:19)\n    at setupStatefulComponent (/home/nishino/todoke-mvp/node_modules/@vue/runtime-core/dist/runtime-core.cjs.js:7874:25)\n    at setupComponent (/home/nishino/todoke-mvp/node_modules/@vue/runtime-core/dist/runtime-core.cjs.js:7835:36)\n    at mountComponent (/home/nishino/todoke-mvp/node_modules/@vue/runtime-core/dist/runtime-core.cjs.js:5159:7)\n    at processComponent (/home/nishino/todoke-mvp/node_modules/@vue/runtime-core/dist/runtime-core.cjs.js:5125:9)\n    at patch (/home/nishino/todoke-mvp/node_modules/@vue/runtime-core/dist/runtime-core.cjs.js:4654:11)"],"meta":{}},{"ancestorTitles":["AuthForm","Register Mode"],"fullName":"AuthForm Register Mode renders registration form correctly","status":"failed","title":"renders registration form correctly","duration":3.3340650000000096,"failureMessages":["SyntaxError: Need to install with `app.use` function\n    at Object.createCompileError (/home/nishino/todoke-mvp/node_modules/@intlify/message-compiler/dist/message-compiler.cjs.js:58:19)\n    at createI18nError (/home/nishino/todoke-mvp/node_modules/vue-i18n/dist/vue-i18n.cjs.js:79:21)\n    at useI18n (/home/nishino/todoke-mvp/node_modules/vue-i18n/dist/vue-i18n.cjs.js:1774:15)\n    at setup (/home/nishino/todoke-mvp/resources/js/Components/AuthForm.vue:231:22)\n    at callWithErrorHandling (/home/nishino/todoke-mvp/node_modules/@vue/runtime-core/dist/runtime-core.cjs.js:200:19)\n    at setupStatefulComponent (/home/nishino/todoke-mvp/node_modules/@vue/runtime-core/dist/runtime-core.cjs.js:7874:25)\n    at setupComponent (/home/nishino/todoke-mvp/node_modules/@vue/runtime-core/dist/runtime-core.cjs.js:7835:36)\n    at mountComponent (/home/nishino/todoke-mvp/node_modules/@vue/runtime-core/dist/runtime-core.cjs.js:5159:7)\n    at processComponent (/home/nishino/todoke-mvp/node_modules/@vue/runtime-core/dist/runtime-core.cjs.js:5125:9)\n    at patch (/home/nishino/todoke-mvp/node_modules/@vue/runtime-core/dist/runtime-core.cjs.js:4654:11)"],"meta":{}},{"ancestorTitles":["AuthForm","Register Mode"],"fullName":"AuthForm Register Mode shows courier-specific fields when role is courier","status":"failed","title":"shows courier-specific fields when role is courier","duration":2.7321669999998903,"failureMessages":["SyntaxError: Need to install with `app.use` function\n    at Object.createCompileError (/home/nishino/todoke-mvp/node_modules/@intlify/message-compiler/dist/message-compiler.cjs.js:58:19)\n    at createI18nError (/home/nishino/todoke-mvp/node_modules/vue-i18n/dist/vue-i18n.cjs.js:79:21)\n    at useI18n (/home/nishino/todoke-mvp/node_modules/vue-i18n/dist/vue-i18n.cjs.js:1774:15)\n    at setup (/home/nishino/todoke-mvp/resources/js/Components/AuthForm.vue:231:22)\n    at callWithErrorHandling (/home/nishino/todoke-mvp/node_modules/@vue/runtime-core/dist/runtime-core.cjs.js:200:19)\n    at setupStatefulComponent (/home/nishino/todoke-mvp/node_modules/@vue/runtime-core/dist/runtime-core.cjs.js:7874:25)\n    at setupComponent (/home/nishino/todoke-mvp/node_modules/@vue/runtime-core/dist/runtime-core.cjs.js:7835:36)\n    at mountComponent (/home/nishino/todoke-mvp/node_modules/@vue/runtime-core/dist/runtime-core.cjs.js:5159:7)\n    at processComponent (/home/nishino/todoke-mvp/node_modules/@vue/runtime-core/dist/runtime-core.cjs.js:5125:9)\n    at patch (/home/nishino/todoke-mvp/node_modules/@vue/runtime-core/dist/runtime-core.cjs.js:4654:11)"],"meta":{}},{"ancestorTitles":["AuthForm","Register Mode"],"fullName":"AuthForm Register Mode shows partner-specific fields when role is partner","status":"failed","title":"shows partner-specific fields when role is partner","duration":2.0684919999998783,"failureMessages":["SyntaxError: Need to install with `app.use` function\n    at Object.createCompileError (/home/nishino/todoke-mvp/node_modules/@intlify/message-compiler/dist/message-compiler.cjs.js:58:19)\n    at createI18nError (/home/nishino/todoke-mvp/node_modules/vue-i18n/dist/vue-i18n.cjs.js:79:21)\n    at useI18n (/home/nishino/todoke-mvp/node_modules/vue-i18n/dist/vue-i18n.cjs.js:1774:15)\n    at setup (/home/nishino/todoke-mvp/resources/js/Components/AuthForm.vue:231:22)\n    at callWithErrorHandling (/home/nishino/todoke-mvp/node_modules/@vue/runtime-core/dist/runtime-core.cjs.js:200:19)\n    at setupStatefulComponent (/home/nishino/todoke-mvp/node_modules/@vue/runtime-core/dist/runtime-core.cjs.js:7874:25)\n    at setupComponent (/home/nishino/todoke-mvp/node_modules/@vue/runtime-core/dist/runtime-core.cjs.js:7835:36)\n    at mountComponent (/home/nishino/todoke-mvp/node_modules/@vue/runtime-core/dist/runtime-core.cjs.js:5159:7)\n    at processComponent (/home/nishino/todoke-mvp/node_modules/@vue/runtime-core/dist/runtime-core.cjs.js:5125:9)\n    at patch (/home/nishino/todoke-mvp/node_modules/@vue/runtime-core/dist/runtime-core.cjs.js:4654:11)"],"meta":{}},{"ancestorTitles":["AuthForm","Register Mode"],"fullName":"AuthForm Register Mode submits registration form with customer data","status":"failed","title":"submits registration form with customer data","duration":2.782171000000062,"failureMessages":["SyntaxError: Need to install with `app.use` function\n    at Object.createCompileError (/home/nishino/todoke-mvp/node_modules/@intlify/message-compiler/dist/message-compiler.cjs.js:58:19)\n    at createI18nError (/home/nishino/todoke-mvp/node_modules/vue-i18n/dist/vue-i18n.cjs.js:79:21)\n    at useI18n (/home/nishino/todoke-mvp/node_modules/vue-i18n/dist/vue-i18n.cjs.js:1774:15)\n    at setup (/home/nishino/todoke-mvp/resources/js/Components/AuthForm.vue:231:22)\n    at callWithErrorHandling (/home/nishino/todoke-mvp/node_modules/@vue/runtime-core/dist/runtime-core.cjs.js:200:19)\n    at setupStatefulComponent (/home/nishino/todoke-mvp/node_modules/@vue/runtime-core/dist/runtime-core.cjs.js:7874:25)\n    at setupComponent (/home/nishino/todoke-mvp/node_modules/@vue/runtime-core/dist/runtime-core.cjs.js:7835:36)\n    at mountComponent (/home/nishino/todoke-mvp/node_modules/@vue/runtime-core/dist/runtime-core.cjs.js:5159:7)\n    at processComponent (/home/nishino/todoke-mvp/node_modules/@vue/runtime-core/dist/runtime-core.cjs.js:5125:9)\n    at patch (/home/nishino/todoke-mvp/node_modules/@vue/runtime-core/dist/runtime-core.cjs.js:4654:11)"],"meta":{}},{"ancestorTitles":["AuthForm","Register Mode"],"fullName":"AuthForm Register Mode shows loading state during registration","status":"failed","title":"shows loading state during registration","duration":3.5953000000001794,"failureMessages":["SyntaxError: Need to install with `app.use` function\n    at Object.createCompileError (/home/nishino/todoke-mvp/node_modules/@intlify/message-compiler/dist/message-compiler.cjs.js:58:19)\n    at createI18nError (/home/nishino/todoke-mvp/node_modules/vue-i18n/dist/vue-i18n.cjs.js:79:21)\n    at useI18n (/home/nishino/todoke-mvp/node_modules/vue-i18n/dist/vue-i18n.cjs.js:1774:15)\n    at setup (/home/nishino/todoke-mvp/resources/js/Components/AuthForm.vue:231:22)\n    at callWithErrorHandling (/home/nishino/todoke-mvp/node_modules/@vue/runtime-core/dist/runtime-core.cjs.js:200:19)\n    at setupStatefulComponent (/home/nishino/todoke-mvp/node_modules/@vue/runtime-core/dist/runtime-core.cjs.js:7874:25)\n    at setupComponent (/home/nishino/todoke-mvp/node_modules/@vue/runtime-core/dist/runtime-core.cjs.js:7835:36)\n    at mountComponent (/home/nishino/todoke-mvp/node_modules/@vue/runtime-core/dist/runtime-core.cjs.js:5159:7)\n    at processComponent (/home/nishino/todoke-mvp/node_modules/@vue/runtime-core/dist/runtime-core.cjs.js:5125:9)\n    at patch (/home/nishino/todoke-mvp/node_modules/@vue/runtime-core/dist/runtime-core.cjs.js:4654:11)"],"meta":{}},{"ancestorTitles":["AuthForm","Register Mode"],"fullName":"AuthForm Register Mode submits registration form with courier data","status":"failed","title":"submits registration form with courier data","duration":3.4404460000000654,"failureMessages":["SyntaxError: Need to install with `app.use` function\n    at Object.createCompileError (/home/nishino/todoke-mvp/node_modules/@intlify/message-compiler/dist/message-compiler.cjs.js:58:19)\n    at createI18nError (/home/nishino/todoke-mvp/node_modules/vue-i18n/dist/vue-i18n.cjs.js:79:21)\n    at useI18n (/home/nishino/todoke-mvp/node_modules/vue-i18n/dist/vue-i18n.cjs.js:1774:15)\n    at setup (/home/nishino/todoke-mvp/resources/js/Components/AuthForm.vue:231:22)\n    at callWithErrorHandling (/home/nishino/todoke-mvp/node_modules/@vue/runtime-core/dist/runtime-core.cjs.js:200:19)\n    at setupStatefulComponent (/home/nishino/todoke-mvp/node_modules/@vue/runtime-core/dist/runtime-core.cjs.js:7874:25)\n    at setupComponent (/home/nishino/todoke-mvp/node_modules/@vue/runtime-core/dist/runtime-core.cjs.js:7835:36)\n    at mountComponent (/home/nishino/todoke-mvp/node_modules/@vue/runtime-core/dist/runtime-core.cjs.js:5159:7)\n    at processComponent (/home/nishino/todoke-mvp/node_modules/@vue/runtime-core/dist/runtime-core.cjs.js:5125:9)\n    at patch (/home/nishino/todoke-mvp/node_modules/@vue/runtime-core/dist/runtime-core.cjs.js:4654:11)"],"meta":{}},{"ancestorTitles":["AuthForm","Register Mode"],"fullName":"AuthForm Register Mode submits registration form with partner data","status":"failed","title":"submits registration form with partner data","duration":5.700730999999905,"failureMessages":["SyntaxError: Need to install with `app.use` function\n    at Object.createCompileError (/home/nishino/todoke-mvp/node_modules/@intlify/message-compiler/dist/message-compiler.cjs.js:58:19)\n    at createI18nError (/home/nishino/todoke-mvp/node_modules/vue-i18n/dist/vue-i18n.cjs.js:79:21)\n    at useI18n (/home/nishino/todoke-mvp/node_modules/vue-i18n/dist/vue-i18n.cjs.js:1774:15)\n    at setup (/home/nishino/todoke-mvp/resources/js/Components/AuthForm.vue:231:22)\n    at callWithErrorHandling (/home/nishino/todoke-mvp/node_modules/@vue/runtime-core/dist/runtime-core.cjs.js:200:19)\n    at setupStatefulComponent (/home/nishino/todoke-mvp/node_modules/@vue/runtime-core/dist/runtime-core.cjs.js:7874:25)\n    at setupComponent (/home/nishino/todoke-mvp/node_modules/@vue/runtime-core/dist/runtime-core.cjs.js:7835:36)\n    at mountComponent (/home/nishino/todoke-mvp/node_modules/@vue/runtime-core/dist/runtime-core.cjs.js:5159:7)\n    at processComponent (/home/nishino/todoke-mvp/node_modules/@vue/runtime-core/dist/runtime-core.cjs.js:5125:9)\n    at patch (/home/nishino/todoke-mvp/node_modules/@vue/runtime-core/dist/runtime-core.cjs.js:4654:11)"],"meta":{}},{"ancestorTitles":["AuthForm","Register Mode"],"fullName":"AuthForm Register Mode validates email format","status":"failed","title":"validates email format","duration":9.761169999999993,"failureMessages":["SyntaxError: Need to install with `app.use` function\n    at Object.createCompileError (/home/nishino/todoke-mvp/node_modules/@intlify/message-compiler/dist/message-compiler.cjs.js:58:19)\n    at createI18nError (/home/nishino/todoke-mvp/node_modules/vue-i18n/dist/vue-i18n.cjs.js:79:21)\n    at useI18n (/home/nishino/todoke-mvp/node_modules/vue-i18n/dist/vue-i18n.cjs.js:1774:15)\n    at setup (/home/nishino/todoke-mvp/resources/js/Components/AuthForm.vue:231:22)\n    at callWithErrorHandling (/home/nishino/todoke-mvp/node_modules/@vue/runtime-core/dist/runtime-core.cjs.js:200:19)\n    at setupStatefulComponent (/home/nishino/todoke-mvp/node_modules/@vue/runtime-core/dist/runtime-core.cjs.js:7874:25)\n    at setupComponent (/home/nishino/todoke-mvp/node_modules/@vue/runtime-core/dist/runtime-core.cjs.js:7835:36)\n    at mountComponent (/home/nishino/todoke-mvp/node_modules/@vue/runtime-core/dist/runtime-core.cjs.js:5159:7)\n    at processComponent (/home/nishino/todoke-mvp/node_modules/@vue/runtime-core/dist/runtime-core.cjs.js:5125:9)\n    at patch (/home/nishino/todoke-mvp/node_modules/@vue/runtime-core/dist/runtime-core.cjs.js:4654:11)"],"meta":{}},{"ancestorTitles":["AuthForm","Register Mode"],"fullName":"AuthForm Register Mode validates required fields","status":"failed","title":"validates required fields","duration":3.034488999999894,"failureMessages":["SyntaxError: Need to install with `app.use` function\n    at Object.createCompileError (/home/nishino/todoke-mvp/node_modules/@intlify/message-compiler/dist/message-compiler.cjs.js:58:19)\n    at createI18nError (/home/nishino/todoke-mvp/node_modules/vue-i18n/dist/vue-i18n.cjs.js:79:21)\n    at useI18n (/home/nishino/todoke-mvp/node_modules/vue-i18n/dist/vue-i18n.cjs.js:1774:15)\n    at setup (/home/nishino/todoke-mvp/resources/js/Components/AuthForm.vue:231:22)\n    at callWithErrorHandling (/home/nishino/todoke-mvp/node_modules/@vue/runtime-core/dist/runtime-core.cjs.js:200:19)\n    at setupStatefulComponent (/home/nishino/todoke-mvp/node_modules/@vue/runtime-core/dist/runtime-core.cjs.js:7874:25)\n    at setupComponent (/home/nishino/todoke-mvp/node_modules/@vue/runtime-core/dist/runtime-core.cjs.js:7835:36)\n    at mountComponent (/home/nishino/todoke-mvp/node_modules/@vue/runtime-core/dist/runtime-core.cjs.js:5159:7)\n    at processComponent (/home/nishino/todoke-mvp/node_modules/@vue/runtime-core/dist/runtime-core.cjs.js:5125:9)\n    at patch (/home/nishino/todoke-mvp/node_modules/@vue/runtime-core/dist/runtime-core.cjs.js:4654:11)"],"meta":{}},{"ancestorTitles":["AuthForm","Register Mode"],"fullName":"AuthForm Register Mode handles file uploads in registration","status":"failed","title":"handles file uploads in registration","duration":2.1498159999998734,"failureMessages":["SyntaxError: Need to install with `app.use` function\n    at Object.createCompileError (/home/nishino/todoke-mvp/node_modules/@intlify/message-compiler/dist/message-compiler.cjs.js:58:19)\n    at createI18nError (/home/nishino/todoke-mvp/node_modules/vue-i18n/dist/vue-i18n.cjs.js:79:21)\n    at useI18n (/home/nishino/todoke-mvp/node_modules/vue-i18n/dist/vue-i18n.cjs.js:1774:15)\n    at setup (/home/nishino/todoke-mvp/resources/js/Components/AuthForm.vue:231:22)\n    at callWithErrorHandling (/home/nishino/todoke-mvp/node_modules/@vue/runtime-core/dist/runtime-core.cjs.js:200:19)\n    at setupStatefulComponent (/home/nishino/todoke-mvp/node_modules/@vue/runtime-core/dist/runtime-core.cjs.js:7874:25)\n    at setupComponent (/home/nishino/todoke-mvp/node_modules/@vue/runtime-core/dist/runtime-core.cjs.js:7835:36)\n    at mountComponent (/home/nishino/todoke-mvp/node_modules/@vue/runtime-core/dist/runtime-core.cjs.js:5159:7)\n    at processComponent (/home/nishino/todoke-mvp/node_modules/@vue/runtime-core/dist/runtime-core.cjs.js:5125:9)\n    at patch (/home/nishino/todoke-mvp/node_modules/@vue/runtime-core/dist/runtime-core.cjs.js:4654:11)"],"meta":{}},{"ancestorTitles":["AuthForm","Register Mode"],"fullName":"AuthForm Register Mode calls validateField on blur","status":"failed","title":"calls validateField on blur","duration":2.1346770000000106,"failureMessages":["SyntaxError: Need to install with `app.use` function\n    at Object.createCompileError (/home/nishino/todoke-mvp/node_modules/@intlify/message-compiler/dist/message-compiler.cjs.js:58:19)\n    at createI18nError (/home/nishino/todoke-mvp/node_modules/vue-i18n/dist/vue-i18n.cjs.js:79:21)\n    at useI18n (/home/nishino/todoke-mvp/node_modules/vue-i18n/dist/vue-i18n.cjs.js:1774:15)\n    at setup (/home/nishino/todoke-mvp/resources/js/Components/AuthForm.vue:231:22)\n    at callWithErrorHandling (/home/nishino/todoke-mvp/node_modules/@vue/runtime-core/dist/runtime-core.cjs.js:200:19)\n    at setupStatefulComponent (/home/nishino/todoke-mvp/node_modules/@vue/runtime-core/dist/runtime-core.cjs.js:7874:25)\n    at setupComponent (/home/nishino/todoke-mvp/node_modules/@vue/runtime-core/dist/runtime-core.cjs.js:7835:36)\n    at mountComponent (/home/nishino/todoke-mvp/node_modules/@vue/runtime-core/dist/runtime-core.cjs.js:5159:7)\n    at processComponent (/home/nishino/todoke-mvp/node_modules/@vue/runtime-core/dist/runtime-core.cjs.js:5125:9)\n    at patch (/home/nishino/todoke-mvp/node_modules/@vue/runtime-core/dist/runtime-core.cjs.js:4654:11)"],"meta":{}},{"ancestorTitles":["AuthForm","Register Mode"],"fullName":"AuthForm Register Mode validates password confirmation","status":"failed","title":"validates password confirmation","duration":2.098658999999998,"failureMessages":["SyntaxError: Need to install with `app.use` function\n    at Object.createCompileError (/home/nishino/todoke-mvp/node_modules/@intlify/message-compiler/dist/message-compiler.cjs.js:58:19)\n    at createI18nError (/home/nishino/todoke-mvp/node_modules/vue-i18n/dist/vue-i18n.cjs.js:79:21)\n    at useI18n (/home/nishino/todoke-mvp/node_modules/vue-i18n/dist/vue-i18n.cjs.js:1774:15)\n    at setup (/home/nishino/todoke-mvp/resources/js/Components/AuthForm.vue:231:22)\n    at callWithErrorHandling (/home/nishino/todoke-mvp/node_modules/@vue/runtime-core/dist/runtime-core.cjs.js:200:19)\n    at setupStatefulComponent (/home/nishino/todoke-mvp/node_modules/@vue/runtime-core/dist/runtime-core.cjs.js:7874:25)\n    at setupComponent (/home/nishino/todoke-mvp/node_modules/@vue/runtime-core/dist/runtime-core.cjs.js:7835:36)\n    at mountComponent (/home/nishino/todoke-mvp/node_modules/@vue/runtime-core/dist/runtime-core.cjs.js:5159:7)\n    at processComponent (/home/nishino/todoke-mvp/node_modules/@vue/runtime-core/dist/runtime-core.cjs.js:5125:9)\n    at patch (/home/nishino/todoke-mvp/node_modules/@vue/runtime-core/dist/runtime-core.cjs.js:4654:11)"],"meta":{}},{"ancestorTitles":["AuthForm","Register Mode"],"fullName":"AuthForm Register Mode displays server validation errors","status":"failed","title":"displays server validation errors","duration":4.46271999999999,"failureMessages":["SyntaxError: Need to install with `app.use` function\n    at Object.createCompileError (/home/nishino/todoke-mvp/node_modules/@intlify/message-compiler/dist/message-compiler.cjs.js:58:19)\n    at createI18nError (/home/nishino/todoke-mvp/node_modules/vue-i18n/dist/vue-i18n.cjs.js:79:21)\n    at useI18n (/home/nishino/todoke-mvp/node_modules/vue-i18n/dist/vue-i18n.cjs.js:1774:15)\n    at setup (/home/nishino/todoke-mvp/resources/js/Components/AuthForm.vue:231:22)\n    at callWithErrorHandling (/home/nishino/todoke-mvp/node_modules/@vue/runtime-core/dist/runtime-core.cjs.js:200:19)\n    at setupStatefulComponent (/home/nishino/todoke-mvp/node_modules/@vue/runtime-core/dist/runtime-core.cjs.js:7874:25)\n    at setupComponent (/home/nishino/todoke-mvp/node_modules/@vue/runtime-core/dist/runtime-core.cjs.js:7835:36)\n    at mountComponent (/home/nishino/todoke-mvp/node_modules/@vue/runtime-core/dist/runtime-core.cjs.js:5159:7)\n    at processComponent (/home/nishino/todoke-mvp/node_modules/@vue/runtime-core/dist/runtime-core.cjs.js:5125:9)\n    at patch (/home/nishino/todoke-mvp/node_modules/@vue/runtime-core/dist/runtime-core.cjs.js:4654:11)"],"meta":{}},{"ancestorTitles":["AuthForm"],"fullName":"AuthForm emits success event on successful login","status":"failed","title":"emits success event on successful login","duration":2.2265409999999974,"failureMessages":["SyntaxError: Need to install with `app.use` function\n    at Object.createCompileError (/home/nishino/todoke-mvp/node_modules/@intlify/message-compiler/dist/message-compiler.cjs.js:58:19)\n    at createI18nError (/home/nishino/todoke-mvp/node_modules/vue-i18n/dist/vue-i18n.cjs.js:79:21)\n    at useI18n (/home/nishino/todoke-mvp/node_modules/vue-i18n/dist/vue-i18n.cjs.js:1774:15)\n    at setup (/home/nishino/todoke-mvp/resources/js/Components/AuthForm.vue:231:22)\n    at callWithErrorHandling (/home/nishino/todoke-mvp/node_modules/@vue/runtime-core/dist/runtime-core.cjs.js:200:19)\n    at setupStatefulComponent (/home/nishino/todoke-mvp/node_modules/@vue/runtime-core/dist/runtime-core.cjs.js:7874:25)\n    at setupComponent (/home/nishino/todoke-mvp/node_modules/@vue/runtime-core/dist/runtime-core.cjs.js:7835:36)\n    at mountComponent (/home/nishino/todoke-mvp/node_modules/@vue/runtime-core/dist/runtime-core.cjs.js:5159:7)\n    at processComponent (/home/nishino/todoke-mvp/node_modules/@vue/runtime-core/dist/runtime-core.cjs.js:5125:9)\n    at patch (/home/nishino/todoke-mvp/node_modules/@vue/runtime-core/dist/runtime-core.cjs.js:4654:11)"],"meta":{}},{"ancestorTitles":["AuthForm"],"fullName":"AuthForm emits error event on failed login","status":"failed","title":"emits error event on failed login","duration":2.1194289999998546,"failureMessages":["SyntaxError: Need to install with `app.use` function\n    at Object.createCompileError (/home/nishino/todoke-mvp/node_modules/@intlify/message-compiler/dist/message-compiler.cjs.js:58:19)\n    at createI18nError (/home/nishino/todoke-mvp/node_modules/vue-i18n/dist/vue-i18n.cjs.js:79:21)\n    at useI18n (/home/nishino/todoke-mvp/node_modules/vue-i18n/dist/vue-i18n.cjs.js:1774:15)\n    at setup (/home/nishino/todoke-mvp/resources/js/Components/AuthForm.vue:231:22)\n    at callWithErrorHandling (/home/nishino/todoke-mvp/node_modules/@vue/runtime-core/dist/runtime-core.cjs.js:200:19)\n    at setupStatefulComponent (/home/nishino/todoke-mvp/node_modules/@vue/runtime-core/dist/runtime-core.cjs.js:7874:25)\n    at setupComponent (/home/nishino/todoke-mvp/node_modules/@vue/runtime-core/dist/runtime-core.cjs.js:7835:36)\n    at mountComponent (/home/nishino/todoke-mvp/node_modules/@vue/runtime-core/dist/runtime-core.cjs.js:5159:7)\n    at processComponent (/home/nishino/todoke-mvp/node_modules/@vue/runtime-core/dist/runtime-core.cjs.js:5125:9)\n    at patch (/home/nishino/todoke-mvp/node_modules/@vue/runtime-core/dist/runtime-core.cjs.js:4654:11)"],"meta":{}}],"startTime":1778326774340,"endTime":1778326774469.1194,"status":"failed","message":"","name":"/home/nishino/todoke-mvp/resources/js/Components/__tests__/AuthForm.spec.js"},{"assertionResults":[{"ancestorTitles":["CartIcon"],"fullName":"CartIcon renders correctly","status":"passed","title":"renders correctly","duration":71.26587900000004,"failureMessages":[],"meta":{}},{"ancestorTitles":["CartIcon"],"fullName":"CartIcon shows badge with item count","status":"passed","title":"shows badge with item count","duration":41.371803999999884,"failureMessages":[],"meta":{}},{"ancestorTitles":["CartIcon"],"fullName":"CartIcon opens dialog when clicked","status":"passed","title":"opens dialog when clicked","duration":20.783817,"failureMessages":[],"meta":{}},{"ancestorTitles":["CartIcon"],"fullName":"CartIcon removes item when delete clicked","status":"passed","title":"removes item when delete clicked","duration":16.236857999999984,"failureMessages":[],"meta":{}},{"ancestorTitles":["CartIcon"],"fullName":"CartIcon navigates to checkout on checkout button click","status":"passed","title":"navigates to checkout on checkout button click","duration":16.487411000000066,"failureMessages":[],"meta":{}}],"startTime":1778326776024,"endTime":1778326776190.4873,"status":"passed","message":"","name":"/home/nishino/todoke-mvp/resources/js/Components/__tests__/CartIcon.spec.js"},{"assertionResults":[{"ancestorTitles":["CheckoutForm"],"fullName":"CheckoutForm renders form with submit button and child components","status":"passed","title":"renders form with submit button and child components","duration":127.18616800000018,"failureMessages":[],"meta":{}},{"ancestorTitles":["CheckoutForm"],"fullName":"CheckoutForm shows loading state during submission","status":"passed","title":"shows loading state during submission","duration":66.0961129999996,"failureMessages":[],"meta":{}},{"ancestorTitles":["CheckoutForm"],"fullName":"CheckoutForm shows confirmation dialog after successful order","status":"passed","title":"shows confirmation dialog after successful order","duration":70.0936929999998,"failureMessages":[],"meta":{}},{"ancestorTitles":["CheckoutForm"],"fullName":"CheckoutForm handles orders with addons","status":"passed","title":"handles orders with addons","duration":94.47284000000036,"failureMessages":[],"meta":{}},{"ancestorTitles":["CheckoutForm"],"fullName":"CheckoutForm submits order data","status":"passed","title":"submits order data","duration":57.282122999999956,"failureMessages":[],"meta":{}},{"ancestorTitles":["CheckoutForm"],"fullName":"CheckoutForm handles submission errors","status":"passed","title":"handles submission errors","duration":58.93302500000027,"failureMessages":[],"meta":{}},{"ancestorTitles":["CheckoutForm"],"fullName":"CheckoutForm shows validation errors for empty fields","status":"passed","title":"shows validation errors for empty fields","duration":50.348008999999365,"failureMessages":[],"meta":{}},{"ancestorTitles":["CheckoutForm"],"fullName":"CheckoutForm navigates home after successful order","status":"passed","title":"navigates home after successful order","duration":54.819195000000036,"failureMessages":[],"meta":{}}],"startTime":1778326778997,"endTime":1778326779576.819,"status":"passed","message":"","name":"/home/nishino/todoke-mvp/resources/js/Components/__tests__/CheckoutForm.spec.ts"},{"assertionResults":[],"startTime":1778326772377,"endTime":1778326772377,"status":"failed","message":"Need to install with `app.use` function","name":"/home/nishino/todoke-mvp/resources/js/Components/__tests__/HomeFeatures.spec.js"},{"assertionResults":[{"ancestorTitles":["HomeHero"],"fullName":"HomeHero renders correctly","status":"failed","title":"renders correctly","duration":58.539131,"failureMessages":["SyntaxError: Need to install with `app.use` function\n    at Object.createCompileError (/home/nishino/todoke-mvp/node_modules/@intlify/message-compiler/dist/message-compiler.cjs.js:58:19)\n    at createI18nError (/home/nishino/todoke-mvp/node_modules/vue-i18n/dist/vue-i18n.cjs.js:79:21)\n    at useI18n (/home/nishino/todoke-mvp/node_modules/vue-i18n/dist/vue-i18n.cjs.js:1774:15)\n    at setup (/home/nishino/todoke-mvp/resources/js/Components/HomeHero.vue:48:22)\n    at callWithErrorHandling (/home/nishino/todoke-mvp/node_modules/@vue/runtime-core/dist/runtime-core.cjs.js:200:19)\n    at setupStatefulComponent (/home/nishino/todoke-mvp/node_modules/@vue/runtime-core/dist/runtime-core.cjs.js:7874:25)\n    at setupComponent (/home/nishino/todoke-mvp/node_modules/@vue/runtime-core/dist/runtime-core.cjs.js:7835:36)\n    at mountComponent (/home/nishino/todoke-mvp/node_modules/@vue/runtime-core/dist/runtime-core.cjs.js:5159:7)\n    at processComponent (/home/nishino/todoke-mvp/node_modules/@vue/runtime-core/dist/runtime-core.cjs.js:5125:9)\n    at patch (/home/nishino/todoke-mvp/node_modules/@vue/runtime-core/dist/runtime-core.cjs.js:4654:11)"],"meta":{}},{"ancestorTitles":["HomeHero"],"fullName":"HomeHero has correct button links","status":"failed","title":"has correct button links","duration":8.073959000000059,"failureMessages":["SyntaxError: Need to install with `app.use` function\n    at Object.createCompileError (/home/nishino/todoke-mvp/node_modules/@intlify/message-compiler/dist/message-compiler.cjs.js:58:19)\n    at createI18
[...]
Promise (<anonymous>)\n    at runWithTimeout (file:///home/nishino/todoke-mvp/node_modules/@vitest/runner/dist/index.js:852:10)\n    at runTest (file:///home/nishino/todoke-mvp/node_modules/@vitest/runner/dist/index.js:1360:12)\n    at processTicksAndRejections (node:internal/process/task_queues:95:5)\n    at runSuite (file:///home/nishino/todoke-mvp/node_modules/@vitest/runner/dist/index.js:1507:8)"],"meta":{}},{"ancestorTitles":["ProductDetailsModal"],"fullName":"ProductDetailsModal emits close event when close button clicked","status":"passed","title":"emits close event when close button clicked","duration":19.341339000000062,"failureMessages":[],"meta":{}},{"ancestorTitles":["ProductDetailsModal"],"fullName":"ProductDetailsModal adds correct quantity to cart","status":"failed","title":"adds correct quantity to cart","duration":12.28806899999995,"failureMessages":["TypeError: Cannot read properties of undefined (reading 'trigger')\n    at /home/nishino/todoke-mvp/resources/js/Components/__tests__/ProductDetailsModal.spec.js:64:58\n    at file:///home/nishino/todoke-mvp/node_modules/@vitest/runner/dist/index.js:103:11\n    at file:///home/nishino/todoke-mvp/node_modules/@vitest/runner/dist/index.js:596:26\n    at file:///home/nishino/todoke-mvp/node_modules/@vitest/runner/dist/index.js:879:20\n    at new Promise (<anonymous>)\n    at runWithTimeout (file:///home/nishino/todoke-mvp/node_modules/@vitest/runner/dist/index.js:852:10)\n    at runTest (file:///home/nishino/todoke-mvp/node_modules/@vitest/runner/dist/index.js:1360:12)\n    at processTicksAndRejections (node:internal/process/task_queues:95:5)\n    at runSuite (file:///home/nishino/todoke-mvp/node_modules/@vitest/runner/dist/index.js:1507:8)\n    at runSuite (file:///home/nishino/todoke-mvp/node_modules/@vitest/runner/dist/index.js:1507:8)"],"meta":{}},{"ancestorTitles":["ProductDetailsModal"],"fullName":"ProductDetailsModal does not allow quantity below 1","status":"failed","title":"does not allow quantity below 1","duration":10.171367000000146,"failureMessages":["TypeError: Cannot read properties of undefined (reading 'trigger')\n    at /home/nishino/todoke-mvp/resources/js/Components/__tests__/ProductDetailsModal.spec.js:78:23\n    at file:///home/nishino/todoke-mvp/node_modules/@vitest/runner/dist/index.js:103:11\n    at file:///home/nishino/todoke-mvp/node_modules/@vitest/runner/dist/index.js:596:26\n    at file:///home/nishino/todoke-mvp/node_modules/@vitest/runner/dist/index.js:879:20\n    at new Promise (<anonymous>)\n    at runWithTimeout (file:///home/nishino/todoke-mvp/node_modules/@vitest/runner/dist/index.js:852:10)\n    at runTest (file:///home/nishino/todoke-mvp/node_modules/@vitest/runner/dist/index.js:1360:12)\n    at processTicksAndRejections (node:internal/process/task_queues:95:5)\n    at runSuite (file:///home/nishino/todoke-mvp/node_modules/@vitest/runner/dist/index.js:1507:8)\n    at runSuite (file:///home/nishino/todoke-mvp/node_modules/@vitest/runner/dist/index.js:1507:8)"],"meta":{}},{"ancestorTitles":["ProductDetailsModal"],"fullName":"ProductDetailsModal shows addons section when product has addons","status":"passed","title":"shows addons section when product has addons","duration":10.154824999999846,"failureMessages":[],"meta":{}},{"ancestorTitles":["ProductDetailsModal"],"fullName":"ProductDetailsModal does not show addons section when product has no addons","status":"passed","title":"does not show addons section when product has no addons","duration":6.450678999999809,"failureMessages":[],"meta":{}},{"ancestorTitles":["ProductDetailsModal"],"fullName":"ProductDetailsModal calculates total price with selected addons","status":"failed","title":"calculates total price with selected addons","duration":33.71807799999988,"failureMessages":["Error: Cannot call text on an empty DOMWrapper.\n    at Object.get (/home/nishino/todoke-mvp/node_modules/@vue/test-utils/dist/vue-test-utils.cjs.js:1574:27)\n    at /home/nishino/todoke-mvp/resources/js/Components/__tests__/ProductDetailsModal.spec.js:111:40\n    at processTicksAndRejections (node:internal/process/task_queues:95:5)\n    at file:///home/nishino/todoke-mvp/node_modules/@vitest/runner/dist/index.js:596:20"],"meta":{}},{"ancestorTitles":["ProductDetailsModal"],"fullName":"ProductDetailsModal includes selected addons in cart item","status":"failed","title":"includes selected addons in cart item","duration":26.45931100000007,"failureMessages":["Error: Cannot call trigger on an empty DOMWrapper.\n    at Object.get (/home/nishino/todoke-mvp/node_modules/@vue/test-utils/dist/vue-test-utils.cjs.js:1574:27)\n    at /home/nishino/todoke-mvp/resources/js/Components/__tests__/ProductDetailsModal.spec.js:130:39\n    at processTicksAndRejections (node:internal/process/task_queues:95:5)\n    at file:///home/nishino/todoke-mvp/node_modules/@vitest/runner/dist/index.js:596:20"],"meta":{}}],"startTime":1778326774035,"endTime":1778326774252.4592,"status":"failed","message":"","name":"/home/nishino/todoke-mvp/resources/js/Components/__tests__/ProductDetailsModal.spec.js"},{"assertionResults":[{"ancestorTitles":["ProductList"],"fullName":"ProductList renders product cards for each product","status":"passed","title":"renders product cards for each product","duration":88.18104999999991,"failureMessages":[],"meta":{}},{"ancestorTitles":["ProductList"],"fullName":"ProductList passes correct product props to each card","status":"passed","title":"passes correct product props to each card","duration":25.826552999999876,"failureMessages":[],"meta":{}},{"ancestorTitles":["ProductList"],"fullName":"ProductList emits product-clicked event when a product card is clicked","status":"passed","title":"emits product-clicked event when a product card is clicked","duration":17.073900999999978,"failureMessages":[],"meta":{}},{"ancestorTitles":["ProductList"],"fullName":"ProductList filters products based on search query","status":"passed","title":"filters products based on search query","duration":23.04343999999992,"failureMessages":[],"meta":{}},{"ancestorTitles":["ProductList"],"fullName":"ProductList filters products by description","status":"passed","title":"filters products by description","duration":6.187501999999995,"failureMessages":[],"meta":{}},{"ancestorTitles":["ProductList"],"fullName":"ProductList shows all products when search is cleared","status":"passed","title":"shows all products when search is cleared","duration":11.83832899999993,"failureMessages":[],"meta":{}}],"startTime":1778326774026,"endTime":1778326774198.8384,"status":"passed","message":"","name":"/home/nishino/todoke-mvp/resources/js/Components/__tests__/ProductList.spec.js"},{"assertionResults":[{"ancestorTitles":["API Service"],"fullName":"API Service should have correct base configuration","status":"passed","title":"should have correct base configuration","duration":7.049471999999923,"failureMessages":[],"meta":{}},{"ancestorTitles":["API Service"],"fullName":"API Service should update loading state during requests","status":"passed","title":"should update loading state during requests","duration":1.6088130000000547,"failureMessages":[],"meta":{}},{"ancestorTitles":["API Service"],"fullName":"API Service should stop loading on error","status":"passed","title":"should stop loading on error","duration":3.5504949999999553,"failureMessages":[],"meta":{}}],"startTime":1778326777618,"endTime":1778326777630.5505,"status":"passed","message":"","name":"/home/nishino/todoke-mvp/resources/js/services/__tests__/api.spec.js"},{"assertionResults":[],"startTime":1778326772377,"endTime":1778326772377,"status":"failed","message":"Failed to resolve import \"../stores/auth.js\" from \"resources/js/services/__tests__/auth.spec.js\". Does the file exist?","name":"/home/nishino/todoke-mvp/resources/js/services/__tests__/auth.spec.js"},{"assertionResults":[{"ancestorTitles":["Auth Store"],"fullName":"Auth Store should initialize with default state","status":"passed","title":"should initialize with default state","duration":9.049344999999903,"failureMessages":[],"meta":{}},{"ancestorTitles":["Auth Store"],"fullName":"Auth Store should set auth data","status":"passed","title":"should set auth data","duration":6.509251000000177,"failureMessages":[],"meta":{}},{"ancestorTitles":["Auth Store"],"fullName":"Auth Store should clear auth data on logout","status":"passed","title":"should clear auth data on logout","duration":2.6228909999999814,"failureMessages":[],"meta":{}},{"ancestorTitles":["Auth Store","login"],"fullName":"Auth Store login should set auth data on successful login","status":"passed","title":"should set auth data on successful login","duration":12.801279999999906,"failureMessages":[],"meta":{}},{"ancestorTitles":["Auth Store","login"],"fullName":"Auth Store login should clear auth data on failed login","status":"passed","title":"should clear auth data on failed login","duration":9.047110000000202,"failureMessages":[],"meta":{}},{"ancestorTitles":["Auth Store","register"],"fullName":"Auth Store register should set auth data on successful registration","status":"failed","title":"should set auth data on successful registration","duration":16.056115999999975,"failureMessages":["AssertionError: expected null to deeply equal { id: 1, name: 'Test User' }\n    at /home/nishino/todoke-mvp/resources/js/stores/__tests__/auth.spec.js:98:26\n    at processTicksAndRejections (node:internal/process/task_queues:95:5)\n    at file:///home/nishino/todoke-mvp/node_modules/@vitest/runner/dist/index.js:596:20"],"meta":{}},{"ancestorTitles":["Auth Store","register"],"fullName":"Auth Store register should clear auth data on failed registration","status":"passed","title":"should clear auth data on failed registration","duration":1.4627770000001874,"failureMessages":[],"meta":{}}],"startTime":1778326774325,"endTime":1778326774383.463,"status":"failed","message":"","name":"/home/nishino/todoke-mvp/resources/js/stores/__tests__/auth.spec.js"},{"assertionResults":[{"ancestorTitles":["Cart Store"],"fullName":"Cart Store adds items to cart","status":"passed","title":"adds items to cart","duration":22.52542100000005,"failureMessages":[],"meta":{}},{"ancestorTitles":["Cart Store"],"fullName":"Cart Store increments quantity when adding identical items","status":"passed","title":"increments quantity when adding identical items","duration":5.873668999999836,"failureMessages":[],"meta":{}},{"ancestorTitles":["Cart Store"],"fullName":"Cart Store removes items from cart","status":"passed","title":"removes items from cart","duration":2.330767999999807,"failureMessages":[],"meta":{}},{"ancestorTitles":["Cart Store"],"fullName":"Cart Store calculates total correctly","status":"passed","title":"calculates total correctly","duration":4.010874999999942,"failureMessages":[],"meta":{}},{"ancestorTitles":["Cart Store"],"fullName":"Cart Store calculates count correctly","status":"passed","title":"calculates count correctly","duration":1.2848289999999452,"failureMessages":[],"meta":{}},{"ancestorTitles":["Cart Store"],"fullName":"Cart Store clears cart","status":"passed","title":"clears cart","duration":1.225498000000016,"failureMessages":[],"meta":{}},{"ancestorTitles":["Cart Store"],"fullName":"Cart Store loads initial state from localStorage","status":"passed","title":"loads initial state from localStorage","duration":1.825713000000178,"failureMessages":[],"meta":{}},{"ancestorTitles":["Cart Store"],"fullName":"Cart Store saves state to localStorage on changes","status":"passed","title":"saves state to localStorage on changes","duration":1.2846999999999298,"failureMessages":[],"meta":{}},{"ancestorTitles":["Cart Store"],"fullName":"Cart Store handles localStorage errors gracefully","status":"passed","title":"handles localStorage errors gracefully","duration":2.680699999999888,"failureMessages":[],"meta":{}},{"ancestorTitles":["Cart Store"],"fullName":"Cart Store treats items with different addons as separate","status":"passed","title":"treats items with different addons as separate","duration":1.552595999999994,"failureMessages":[],"meta":{}},{"ancestorTitles":["Cart Store"],"fullName":"Cart Store increments quantity only for items with identical addons","status":"passed","title":"increments quantity only for items with identical addons","duration":1.22835299999997,"failureMessages":[],"meta":{}},{"ancestorTitles":["Cart Store"],"fullName":"Cart Store handles items without addons","status":"passed","title":"handles items without addons","duration":0.818478000000141,"failureMessages":[],"meta":{}},{"ancestorTitles":["Cart Store"],"fullName":"Cart Store submits order successfully","status":"failed","title":"submits order successfully","duration":70.58476199999996,"failureMessages":["SyntaxError: Unexpected token '<', \"<!DOCTYPE \"... is not valid JSON\n    at JSON.parse (<anonymous>)\n    at Response.json (file:///home/nishino/todoke-mvp/node_modules/happy-dom/src/fetch/Response.ts:257:15)\n    at processTicksAndRejections (node:internal/process/task_queues:95:5)\n    at Proxy.submitOrder (/home/nishino/todoke-mvp/resources/js/stores/cart.js:70:20)\n    at /home/nishino/todoke-mvp/resources/js/stores/__tests__/cart.spec.js:157:20\n    at file:///home/nishino/todoke-mvp/node_modules/@vitest/runner/dist/index.js:596:20"],"meta":{}}],"startTime":1778326773578,"endTime":1778326773695.5847,"status":"failed","message":"","name":"/home/nishino/todoke-mvp/resources/js/stores/__tests__/cart.spec.js"},{"assertionResults":[{"ancestorTitles":["Loading Store"],"fullName":"Loading Store should initialize with default state","status":"passed","title":"should initialize with default state","duration":4.572556999999961,"failureMessages":[],"meta":{}},{"ancestorTitles":["Loading Store"],"fullName":"Loading Store should start loading with message","status":"passed","title":"should start loading with message","duration":1.335525999999959,"failureMessages":[],"meta":{}},{"ancestorTitles":["Loading Store"],"fullName":"Loading Store should start loading without message","status":"passed","title":"should start loading without message","duration":0.5675240000000485,"failureMessages":[],"meta":{}},{"ancestorTitles":["Loading Store"],"fullName":"Loading Store should stop loading","status":"passed","title":"should stop loading","duration":0.48112000000003263,"failureMessages":[],"meta":{}}],"startTime":1778326778304,"endTime":1778326778311.4812,"status":"passed","message":"","name":"/home/nishino/todoke-mvp/resources/js/stores/__tests__/loading.spec.js"},{"assertionResults":[{"ancestorTitles":["Checkout"],"fullName":"Checkout renders checkout form","status":"failed","title":"renders checkout form","duration":102.85201600000005,"failureMessages":["TypeError: _ctx.$t is not a function\n    at /home/nishino/todoke-mvp/resources/js/Components/AppHeader.vue:4:25\n    at renderFnWithContext (/home/nishino/todoke-mvp/node_modules/@vue/runtime-core/dist/runtime-core.cjs.js:689:13)\n    at normalizeChildren (/home/nishino/todoke-mvp/node_modules/@vue/runtime-core/dist/runtime-core.cjs.js:7625:34)\n    at createBaseVNode (/home/nishino/todoke-mvp/node_modules/@vue/runtime-core/dist/runtime-core.cjs.js:7430:5)\n    at _createVNode (/home/nishino/todoke-mvp/node_modules/@vue/runtime-core/dist/runtime-core.cjs.js:7507:10)\n    at createVNodeWithArgsTransform (/home/nishino/todoke-mvp/node_modules/@vue/runtime-core/dist/runtime-core.cjs.js:7384:10)\n    at /home/nishino/todoke-mvp/resources/js/Components/AppHeader.vue:4:5\n    at renderFnWithContext (/home/nishino/todoke-mvp/node_modules/@vue/runtime-core/dist/runtime-core.cjs.js:689:13)\n    at normalizeChildren (/home/nishino/todoke-mvp/node_modules/@vue/runtime-core/dist/runtime-core.cjs.js:7625:34)\n    at createBaseVNode (/home/nishino/todoke-mvp/node_modules/@vue/runtime-core/dist/runtime-core.cjs.js:7430:5)"],"meta":{}},{"ancestorTitles":["Checkout"],"fullName":"Checkout shows cart items","status":"failed","title":"shows cart items","duration":15.83001800000011,"failureMessages":["TypeError: _ctx.$t is not a function\n    at /home/nishino/todoke-mvp/resources/js/Components/AppHeader.vue:4:25\n    at renderFnWithContext (/home/nishino/todoke-mvp/node_modules/@vue/runtime-core/dist/runtime-core.cjs.js:689:13)\n    at normalizeChildren (/home/nishino/todoke-mvp/node_modules/@vue/runtime-core/dist/runtime-core.cjs.js:7625:34)\n    at createBaseVNode (/home/nishino/todoke-mvp/node_modules/@vue/runtime-core/dist/runtime-core.cjs.js:7430:5)\n    at _createVNode (/home/nishino/todoke-mvp/node_modules/@vue/runtime-core/dist/runtime-core.cjs.js:7507:10)\n    at createVNodeWithArgsTransform (/home/nishino/todoke-mvp/node_modules/@vue/runtime-core/dist/runtime-core.cjs.js:7384:10)\n    at /home/nishino/todoke-mvp/resources/js/Components/AppHeader.vue:4:5\n    at renderFnWithContext (/home/nishino/todoke-mvp/node_modules/@vue/runtime-core/dist/runtime-core.cjs.js:689:13)\n    at normalizeChildren (/home/nishino/todoke-mvp/node_modules/@vue/runtime-core/dist/runtime-core.cjs.js:7625:34)\n    at createBaseVNode (/home/nishino/todoke-mvp/node_modules/@vue/runtime-core/dist/runtime-core.cjs.js:7430:5)"],"meta":{}},{"ancestorTitles":["Checkout"],"fullName":"Checkout requires delivery address","status":"failed","title":"requires delivery address","duration":12.743330000000014,"failureMessages":["TypeError: _ctx.$t is not a function\n    at /home/nishino/todoke-mvp/resources/js/Components/AppHeader.vue:4:25\n    at renderFnWithContext (/home/nishino/todoke-mvp/node_modules/@vue/runtime-core/dist/runtime-core.cjs.js:689:13)\n    at normalizeChildren (/home/nishino/todoke-mvp/node_modules/@vue/runtime-core/dist/runtime-core.cjs.js:7625:34)\n    at createBaseVNode (/home/nishino/todoke-mvp/node_modules/@vue/runtime-core/dist/runtime-core.cjs.js:7430:5)\n    at _createVNode (/home/nishino/todoke-mvp/node_modules/@vue/runtime-core/dist/runtime-core.cjs.js:7507:10)\n    at createVNodeWithArgsTransform (/home/nishino/todoke-mvp/node_modules/@vue/runtime-core/dist/runtime-core.cjs.js:7384:10)\n    at /home/nishino/todoke-mvp/resources/js/Components/AppHeader.vue:4:5\n    at renderFnWithContext (/home/nishino/todoke-mvp/node_modules/@vue/runtime-core/dist/runtime-core.cjs.js:689:13)\n    at normalizeChildren (/home/nishino/todoke-mvp/node_modules/@vue/runtime-core/dist/runtime-core.cjs.js:7625:34)\n    at createBaseVNode (/home/nishino/todoke-mvp/node_modules/@vue/runtime-core/dist/runtime-core.cjs.js:7430:5)"],"meta":{}},{"ancestorTitles":["Checkout"],"fullName":"Checkout submits order when form is valid","status":"failed","title":"submits order when form is valid","duration":13.828813999999966,"failureMessages":["TypeError: _ctx.$t is not a function\n    at /home/nishino/todoke-mvp/resources/js/Components/AppHeader.vue:4:25\n    at renderFnWithContext (/home/nishino/todoke-mvp/node_modules/@vue/runtime-core/dist/runtime-core.cjs.js:689:13)\n    at normalizeChildren (/home/nishino/todoke-mvp/node_modules/@vue/runtime-core/dist/runtime-core.cjs.js:7625:34)\n    at createBaseVNode (/home/nishino/todoke-mvp/node_modules/@vue/runtime-core/dist/runtime-core.cjs.js:7430:5)\n    at _createVNode (/home/nishino/todoke-mvp/node_modules/@vue/runtime-core/dist/runtime-core.cjs.js:7507:10)\n    at createVNodeWithArgsTransform (/home/nishino/todoke-mvp/node_modules/@vue/runtime-core/dist/runtime-core.cjs.js:7384:10)\n    at /home/nishino/todoke-mvp/resources/js/Components/AppHeader.vue:4:5\n    at renderFnWithContext (/home/nishino/todoke-mvp/node_modules/@vue/runtime-core/dist/runtime-core.cjs.js:689:13)\n    at normalizeChildren (/home/nishino/todoke-mvp/node_modules/@vue/runtime-core/dist/runtime-core.cjs.js:7625:34)\n    at createBaseVNode (/home/nishino/todoke-mvp/node_modules/@vue/runtime-core/dist/runtime-core.cjs.js:7430:5)"],"meta":{}}],"startTime":1778326776235,"endTime":1778326776380.8289,"status":"failed","message":"","name":"/home/nishino/todoke-mvp/resources/js/Pages/Customer/__tests__/Checkout.spec.js"}]}
